<!DOCTYPE html>
<html>
	<head>
        <meta http-equiv="content-type" content="text/html; charset=UTF-8" />
		<title>Philips.CDP.Automation.IAP.Tests.Workflows Test Execution Report</title>
        <script type="text/javascript" src="http://code.jquery.com/jquery-1.6.2.min.js"></script>
        <script type="text/javascript">
            /**
            * jQuery.fn.sortElements
            * --------------
            * #author James Padolsey (http://james.padolsey.com)
            * #version 0.11
            * #updated 18-MAR-2010
            * #url https://raw.github.com/jamespadolsey/jQuery-Plugins/master/sortElements/jquery.sortElements.js
            * --------------
            * #param Function comparator:
            *   Exactly the same behaviour as [1,2,3].sort(comparator)
            *   
            * #param Function getSortable
            *   A function that should return the element that is
            *   to be sorted. The comparator will run on the
            *   current collection, but you may want the actual
            *   resulting sort to occur on a parent or another
            *   associated element.
            *   
            *   E.g. $('td').sortElements(comparator, function(){
            *      return this.parentNode; 
            *   })
            *   
            *   The <td>'s parent (<tr>) will be sorted instead
            *   of the <td> itself.
            */
            jQuery.fn.sortElements = (function () {

                var sort = [].sort;

                return function (comparator, getSortable) {

                    getSortable = getSortable || function () { return this; };

                    var placements = this.map(function () {

                        var sortElement = getSortable.call(this),
                parentNode = sortElement.parentNode,

                        // Since the element itself will change position, we have
                        // to have some way of storing it's original position in
                        // the DOM. The easiest way is to have a 'flag' node:
                nextSibling = parentNode.insertBefore(
                    document.createTextNode(''),
                    sortElement.nextSibling
                );

                        return function () {

                            if (parentNode === this) {
                                throw new Error(
                        "You can't sort elements if any one is a descendant of another."
                    );
                            }

                            // Insert before flag:
                            parentNode.insertBefore(this, nextSibling);
                            // Remove flag:
                            parentNode.removeChild(nextSibling);

                        };

                    });

                    return sort.call(this, comparator).each(function (i) {
                        placements[i].call(getSortable.call(this));
                    });

                };

            })();
        </script>
        <script type="text/javascript">
            jQuery.fn.setBarSizes = (function () {
                return function (metricName, maxBarSize, min) {
                    var max = Math.max.apply(Math, $.makeArray($(this).map(function () { return Number($(this).attr('data-sr-' + metricName)); })));
                    var scale = 1.0;
                    while (max > 0.0 && max <= 10.0) {
                        scale = scale * 10.0;
                        max = max * 10.0;
                    }
                    max = (Math.ceil(max / 2) * 2) / scale;

                    this.each(function () {
                        var barAnchor = $(this).find('a');
                        var actual = $(this).attr('data-sr-' + metricName);
                        var newHeight = Math.max(Math.round(maxBarSize * (actual - min) / (max - min)), 2);
                        barAnchor.css({ height: newHeight });
                    });

                    var unit = "";
                    if (metricName.substr(metricName.length - 4, 4) === "time")
                        unit = "s";

                    $('#testview .scale-min-label').each(function () {
                        $(this).text(min.toString() + unit);
                    });
                    $('#testview .scale-max-label').each(function () {
                        $(this).text(max.toString() + unit);
                    });
                    var mid = max / 2;
                    $('#testview .scale-mid-label').each(function () {
                        $(this).text(mid.toString() + unit);
                    });
                };
            })();

            function getComparer(metricName, isDesc) {
                return function (a, b) {
                    var aNumber = Number($(a).attr('data-sr-' + metricName));
                    var bNumber = Number($(b).attr('data-sr-' + metricName));
                    var result = aNumber > bNumber ? 1 : (aNumber < bNumber ? -1 : 0);
                    if (isDesc)
                        result = -1 * result;

                    if (result == 0 && metricName != "order")
                        result = getComparer("order", false)(a, b);

                    return result;
                };
            }

            var currentSort = "";
            function doSort(allowToggleDesc) {
                var newSort = $("input[name='barSortOrder']:checked").val();
                if (allowToggleDesc && currentSort == newSort) {
                    $('#barSortDesc').click();
                    doSort(false);
                    return;
                }
                currentSort = newSort;
                $('#testview td.testview-item').sortElements(getComparer(newSort, $('#barSortDesc').is(':checked')));
            }


            function doSetHeights(allowSort) {
                var selectedMetric = $("input[name='barHeight']:checked").val();
                $('#testview td.testview-item').setBarSizes(selectedMetric, 60, 0.0);

                if (allowSort && currentSort != selectedMetric) {
                    var $radios = $("input[name='barSortOrder']");
                    $radios.filter('[value=' + selectedMetric + ']').attr('checked', true);
                    $("#barSortDesc").attr("checked", [true]);
                    doSort(false);
                }
            }

            $(document).ready(function () {
                $("input[name='barSortOrder']").click(function () { doSort(true); return true; });
                $("input[name='barSortDesc']").change(function () { doSort(false); });
                $("input[name='barHeight']").change(function () { doSetHeights(true); });

                doSort(false);
                doSetHeights(false);

                $("div.scrollable").css({ 'overflow': 'auto' });
            });
        </script>

        <style type="text/css">
            body 
            {
                color: #000000;
                font-family: Arial,Liberation Sans,DejaVu Sans,sans-serif;
                line-height: 130%;
            }
            h1 {
                font-family: Trebuchet MS,Liberation Sans,DejaVu Sans,sans-serif;
                font-size: 170%;
                font-weight: bold;
            }            
            h2 {
                font-family: Trebuchet MS,Liberation Sans,DejaVu Sans,sans-serif;
                font-size: 130%;
                font-weight: bold;
                margin-bottom: 5px;
            }            
            h3 {
                font-family: Trebuchet MS,Liberation Sans,DejaVu Sans,sans-serif;
                font-size: 120%;
                font-weight: bold;
                margin-bottom: 5px;
            }            
            a.bar
            {
                text-decoration: none;
                display: block;
                line-height: 1px;
            }
            .description
            {
                font-style: italic;
            }
            .log 
            {
                width: 600px;
                white-space: pre-wrap;
                display: block;
                margin: 0px;
            }
            .errorMessage 
            {
                width: 600px;
                color: Red;
                font-weight: bold;
            }
            .stackTrace 
            {
                width: 600px;
                white-space: pre-wrap;
                font-style: italic;
                color: Red;
                display: block;
            }
            table.testEvents
            {
                border: solid 1px #e8eef4;
                border-collapse: collapse;
            }
            table.testEvents td
            {
                vertical-align: top;
                padding: 5px;
                border: solid 1px #e8eef4;
            }
            table.testEvents th
            {
                padding: 6px 5px;
                text-align: left;
                background-color: #e8eef4;
                border: solid 1px #e8eef4;                
            }
            .comment
            {
                font-style: italic;
                font-size: smaller;
            }
            .startupBar
            {
                background-color: #EEEEEE;
                cursor: default;
            }
            
            .colorSucceeded
            {
                background-color: #90ED7B;
            }
            .colorIgnored
            {
                background-color: #FFFF85;
            }
            .colorPending
            {
                background-color: #D47BED;
            }
            .colorNothingToRun
            {
                background-color: #CCCCFF;
            }
            .colorSkipped
            {
                background-color: #CCCCFF;
            }
            .colorInconclusive
            {
                background-color: #7BEDED;
            }
            .colorCleanupFailed
            {
                background-color: #FFCCCC;
            }
            .colorRandomlyFailed
            {
                background-color: #EDB07B;
            }
            .colorFailed
            {
                background-color: #ED5F5F;
            }
            .colorInitializationFailed
            {
                background-color: #FF0000;
            }
            .colorFrameworkError
            {
                background-color: #FF0000;
            }
            ul.subNodeLinks
            {
                padding-left: 20px;
                margin: 0px;
            }
            ul.subNodeLinks li
            {
                list-style: none;
            }
            
            /* views general */
            div.scrollable
            {
                /*overflow: auto; - thsi has to be set from js, because of an IE9 bug */
            }
            div.viewbox
            {
                position: relative;
                border: 3px solid #e8eef4;
            }
            div.viewbox table
            {
                border: 0px;
            }
                        
            /* testview */
            #testview
            {
                padding-top: 23px;
            }
            
            table.testview-items td
            {
                vertical-align: bottom;
                padding: 0px 1px 0px 1px;
            }
            td.right-padding, td.left-padding
            {
                width: 25px;
                min-width: 25px;
            }
            table.testview-items a.bar
            {
                width: 5px;
            }
            table.testview-items tr.testview-items-row
            {
                height: 60px;
            }
            
            /* scale */
            table.vertical-scale 
            {
                position: absolute;
                top: 23px;
                left: 0px;
                width: 100%;
                z-index: -100;
            }
            table.vertical-scale td, tr.horizontal-scale td
            {
                font-size: 60%;
                line-height: normal;
            }
            table.vertical-scale tr.scale-max, table.vertical-scale tr.scale-mid 
            {
                height: 30px;
            }
            tr.horizontal-scale, table.vertical-scale tr.scale-min 
            {
                height: 12px;
            }
            
            td.scale-max-label, td.scale-mid-label, td.scale-min-label
            {
                border-top: solid 1px #E6E6E6;
                text-align: left;
                vertical-align: top;
            }
            td.scale-10-label
            {
                border-left: solid 1px #E6E6E6;
                text-align: left;
                vertical-align: bottom;
                padding-left: 1px;
            }
            tr.scale-mid td, tr.scale-min td, tr.scale-max td
            {
                border-top: solid 1px #E6E6E6;
            }
           
            
            /* bar-control */
            #bar-control
            {
                font-size: 60%;
                line-height: normal;
                position: absolute;
                right: 0px;
                top: 0px;
            }
            #bar-control label
            {
                font-weight: bold;
                vertical-align: middle;
            }
            #bar-control .option
            {
                vertical-align: middle;
                text-transform: lowercase;
            }
            #bar-control input[type="checkbox"]
            {
                padding: 0 2px 0 3px;
            }
            #bar-control input
            {
                vertical-align: top;
                height: 12px;
                margin: 0px;
                padding: 0px;
            }
            #bar-control div
            {
                float: right;
                margin: 3px 5px 3px 5px;
            }
            
            
            /* timeline view */
            #timelineview
            {
                padding-top: 5px;
            }
            table.timelineview a
            {
                height: 20px;
            }
            table.timelineview td
            {
                vertical-align: bottom;
                padding: 0px 1px 0px 0px;
                border: 0px;
            }
            tr.thread-items-row
            {
                height: 25px;
            }
            tr.thread-items-row td
            {
                vertical-align: bottom;
            }
            td.thread-label
            {
                padding: 0px 6px 0px 6px;
                text-align: right;
                line-height: 18px;
                vertical-align: bottom;
            }
            th.thread-label
            {
                padding: 3px 6px 0px 6px;
                line-height: 18px;
                text-align: left;
                vertical-align: bottom;
            }
        </style>
	</head>
	<body>
        <h1>Philips.CDP.Automation.IAP.Tests.Workflows Test Execution Report</h1>
        <ul>
            <li>Project: Philips.CDP.Automation.IAP.Tests.Workflows</li>
            <li>Configuration: Default</li>
            <li>Test Assemblies: Philips.CDP.Automation.IAP.Tests.Workflows.dll</li>
            <li>Start Time: 8/2/2016 6:44:03 PM</li>
            <li>Duration: 00:01:16.2946287</li>
            <li>Test Threads: 1</li>
        </ul>

        <h2>Result: 11 failed (test initialization falied for 11)</h2>
        <table class="testEvents">
                <tr>
        <th colspan="2">Success rate</th>
        <th>Tests</th>
        <th>Succeeded</th>
        <th>Failed</th>
        <th>Pending</th>
        <th>Ignored</th>
        <th>Skipped</th>
    </tr>

                <tr>
            <td>
            0%
    </td>
    <td>
        <table class="timelineview" cellpadding="0" cellspacing="0">
            <tr>
                    <td>
                        <a class="bar colorInitializationFailed" 
                                style="width: 199px;" 
                                title="test initialization falied for 11" 
                                                    href="#error_summary"
                                />
                    </td>
            </tr>
        </table>
    </td>
    <td>11</td>
    <td>0</td>
    <td>11</td>
    <td>0</td>
    <td>0</td>
    <td>0</td>

    </tr>

        </table>
        
        <h2>Test Timeline Summary</h2>

        <div id="timelineview" class="viewbox">
            <div class="scrollable">
                <table cellpadding="0" cellspacing="0">
                    <tr>
                        <th class="thread-label" colspan="2">thread</th>
                    </tr>
                        <tr class="thread-items-row">
                            <td class="thread-label" title="Machine: YY040616">#0</td>
                            <td colspan="2">
                                <table class="timelineview" cellpadding="0" cellspacing="0">
                                    <tr>

                                            <td>
        <a
            class="bar startupBar" 
            style="width: 3px;" 
                title="test thread startup" 
        >&nbsp;</a>
    </td>

    <td>
        <a
            class="bar colorInitializationFailed" 
            style="width: 4px;" 
                title="Login into MyPhilips Account and change the account settings (in As a USER i want to login into MyPhilipsAccount via Appframework application)" 
                href="#t-1191336048.0"
        >&nbsp;</a>
    </td>
    <td>
        <a
            class="bar colorInitializationFailed" 
            style="width: 5px;" 
                title="UserJourney-1 (in User Journey - 1)" 
                href="#t-1984000755.0"
        >&nbsp;</a>
    </td>
    <td>
        <a
            class="bar colorInitializationFailed" 
            style="width: 5px;" 
                title="UserJourney-2 (in UJ02)" 
                href="#t173245540.0"
        >&nbsp;</a>
    </td>
    <td>
        <a
            class="bar colorInitializationFailed" 
            style="width: 6px;" 
                title="UserJourney-3 (in UJ03)" 
                href="#t1476074462.0"
        >&nbsp;</a>
    </td>
    <td>
        <a
            class="bar colorInitializationFailed" 
            style="width: 5px;" 
                title="UserJourney-4 (in UJ04)" 
                href="#t-1256165560.0"
        >&nbsp;</a>
    </td>
    <td>
        <a
            class="bar colorInitializationFailed" 
            style="width: 5px;" 
                title="UserJourney-5 (in UJ05)" 
                href="#t306832110.0"
        >&nbsp;</a>
    </td>
    <td>
        <a
            class="bar colorInitializationFailed" 
            style="width: 5px;" 
                title="UserJourney-6 (in UJ06)" 
                href="#t2146530828.0"
        >&nbsp;</a>
    </td>
    <td>
        <a
            class="bar colorInitializationFailed" 
            style="width: 5px;" 
                title="UserJourney-7 (in UJ07)" 
                href="#t-585183978.0"
        >&nbsp;</a>
    </td>
    <td>
        <a
            class="bar colorInitializationFailed" 
            style="width: 5px;" 
                title="UserJourney-8 (in UJ08)" 
                href="#t977682616.0"
        >&nbsp;</a>
    </td>
    <td>
        <a
            class="bar colorInitializationFailed" 
            style="width: 6px;" 
                title="UserJourney-9 (in UJ09)" 
                href="#t-2014325690.0"
        >&nbsp;</a>
    </td>
    <td>
        <a
            class="bar colorInitializationFailed" 
            style="width: 11px;" 
                title="UserJourney-10 (in UJ10)" 
                href="#t-1668282660.0"
        >&nbsp;</a>
    </td>
                                    </tr>
                                </table>
                            </td>
                        </tr>
                    <tr class="horizontal-scale">
                        <td>&nbsp;</td>
                            <td class="scale-10-label" style="width: 71px;min-width: 71px;">0s</td>
                        <td class="scale-10-label">70s</td>
                    </tr>
                </table>
            </div>
        </div>

        <h2>Test Result View</h2>
        <div id="testview" class="viewbox">
            <div id="bar-control">
                <div id="bar-control-sort">
                    <label>sort by:</label>
                    <span class="option"><input type="radio" name="barSortOrder" value="exectime" />Time</span>
                    <span class="option"><input type="radio" name="barSortOrder" value="acttime" />Act Time</span>
                    <span class="option"><input type="radio" name="barSortOrder" value="order" />Execution</span>
                    <span class="option"><input type="radio" name="barSortOrder" value="rescode" checked="checked" />Result</span>
                    <span class="option"><input type="checkbox" name="barSortDesc" id="barSortDesc" checked="checked" />desc</span>
                </div>
                <div id="bar-control-heights">
                    <label>heights:</label>
                    <span class="option"><input type="radio" checked="checked" name="barHeight" value="exectime" />Time</span>
                    <span class="option"><input type="radio" name="barHeight" value="acttime" />Act Time</span>
                    
                </div>
            </div>
            <table class="vertical-scale" cellpadding="0" cellspacing="0">
                <tr class="scale-max">
                    <td class="left-padding scale-max-label">&nbsp;</td>
                    <td colspan="11">&nbsp;</td>
                    <td class="right-padding">&nbsp;</td>
                </tr>
                <tr class="scale-mid">
                    <td class="left-padding scale-mid-label">&nbsp;</td>
                    <td colspan="11">&nbsp;</td>
                    <td class="right-padding">&nbsp;</td>
                </tr>
                <tr class="scale-min">
                    <td class="left-padding scale-min-label">&nbsp;</td>
                    <td colspan="11">&nbsp;</td>
                    <td class="right-padding">&nbsp;</td>
                </tr>
            </table>
            <div class="scrollable">
                <table class="testview-items" cellpadding="0" cellspacing="0">
                    <tr class="testview-items-row">
                        <td class="left-padding">&nbsp;</td>
    <td class="testview-item" 
        data-sr-exectime="8.5168516" data-sr-rescode="450" data-sr-order="0" data-sr-acttime="0.0">
        <a
            class="bar colorInitializationFailed" 
            style="height: 42px;"
            title="Login into MyPhilips Account and change the account settings (in As a USER i want to login into MyPhilipsAccount via Appframework application)"
            href="#t-1191336048.0">&nbsp;</a>
    </td>
    <td class="testview-item" 
        data-sr-exectime="6.1376137" data-sr-rescode="450" data-sr-order="1" data-sr-acttime="0.0">
        <a
            class="bar colorInitializationFailed" 
            style="height: 30px;"
            title="UserJourney-1 (in User Journey - 1)"
            href="#t-1984000755.0">&nbsp;</a>
    </td>
    <td class="testview-item" 
        data-sr-exectime="6.1286128" data-sr-rescode="450" data-sr-order="2" data-sr-acttime="0.0">
        <a
            class="bar colorInitializationFailed" 
            style="height: 30px;"
            title="UserJourney-2 (in UJ02)"
            href="#t173245540.0">&nbsp;</a>
    </td>
    <td class="testview-item" 
        data-sr-exectime="6.1426142" data-sr-rescode="450" data-sr-order="3" data-sr-acttime="0.0">
        <a
            class="bar colorInitializationFailed" 
            style="height: 30px;"
            title="UserJourney-3 (in UJ03)"
            href="#t1476074462.0">&nbsp;</a>
    </td>
    <td class="testview-item" 
        data-sr-exectime="6.1356135" data-sr-rescode="450" data-sr-order="4" data-sr-acttime="0.0">
        <a
            class="bar colorInitializationFailed" 
            style="height: 30px;"
            title="UserJourney-4 (in UJ04)"
            href="#t-1256165560.0">&nbsp;</a>
    </td>
    <td class="testview-item" 
        data-sr-exectime="6.1246124" data-sr-rescode="450" data-sr-order="5" data-sr-acttime="0.0">
        <a
            class="bar colorInitializationFailed" 
            style="height: 30px;"
            title="UserJourney-5 (in UJ05)"
            href="#t306832110.0">&nbsp;</a>
    </td>
    <td class="testview-item" 
        data-sr-exectime="6.1176117" data-sr-rescode="450" data-sr-order="6" data-sr-acttime="0.0">
        <a
            class="bar colorInitializationFailed" 
            style="height: 30px;"
            title="UserJourney-6 (in UJ06)"
            href="#t2146530828.0">&nbsp;</a>
    </td>
    <td class="testview-item" 
        data-sr-exectime="6.1146114" data-sr-rescode="450" data-sr-order="7" data-sr-acttime="0.0">
        <a
            class="bar colorInitializationFailed" 
            style="height: 30px;"
            title="UserJourney-7 (in UJ07)"
            href="#t-585183978.0">&nbsp;</a>
    </td>
    <td class="testview-item" 
        data-sr-exectime="6.1266126" data-sr-rescode="450" data-sr-order="8" data-sr-acttime="0.0">
        <a
            class="bar colorInitializationFailed" 
            style="height: 30px;"
            title="UserJourney-8 (in UJ08)"
            href="#t977682616.0">&nbsp;</a>
    </td>
    <td class="testview-item" 
        data-sr-exectime="6.1146114" data-sr-rescode="450" data-sr-order="9" data-sr-acttime="0.0">
        <a
            class="bar colorInitializationFailed" 
            style="height: 30px;"
            title="UserJourney-9 (in UJ09)"
            href="#t-2014325690.0">&nbsp;</a>
    </td>
    <td class="testview-item" 
        data-sr-exectime="12.2172216" data-sr-rescode="450" data-sr-order="10" data-sr-acttime="0.0">
        <a
            class="bar colorInitializationFailed" 
            style="height: 60px;"
            title="UserJourney-10 (in UJ10)"
            href="#t-1668282660.0">&nbsp;</a>
    </td>
                        <td class="right-padding">&nbsp;</td>
                    </tr>
                    <tr class="horizontal-scale">
                        <td class="left-padding">&nbsp;</td>
                        <td colspan="10">&nbsp;</td>
                    </tr>
                </table>
            </div>
        </div>

        <h2>Feature Summary</h2>
        <table class="testEvents">
                <tr>
            <th>Feature</th>
        <th colspan="2">Success rate</th>
        <th>Tests</th>
        <th>Succeeded</th>
        <th>Failed</th>
        <th>Pending</th>
        <th>Ignored</th>
        <th>Skipped</th>
    </tr>

    <tr>
            <td><a href="#f1165018177">As a USER i want to login into MyPhilipsAccount via Appframework application</a></td>
            <td>
            0%
    </td>
    <td>
        <table class="timelineview" cellpadding="0" cellspacing="0">
            <tr>
                    <td>
                        <a class="bar colorInitializationFailed" 
                                style="width: 199px;" 
                                title="test initialization falied for 1" 
                                                    href="#error_summary"
                                />
                    </td>
            </tr>
        </table>
    </td>
    <td>1</td>
    <td>0</td>
    <td>1</td>
    <td>0</td>
    <td>0</td>
    <td>0</td>

    </tr>
    <tr>
            <td><a href="#f1988240800">UJ02</a></td>
            <td>
            0%
    </td>
    <td>
        <table class="timelineview" cellpadding="0" cellspacing="0">
            <tr>
                    <td>
                        <a class="bar colorInitializationFailed" 
                                style="width: 199px;" 
                                title="test initialization falied for 1" 
                                                    href="#error_summary"
                                />
                    </td>
            </tr>
        </table>
    </td>
    <td>1</td>
    <td>0</td>
    <td>1</td>
    <td>0</td>
    <td>0</td>
    <td>0</td>

    </tr>
    <tr>
            <td><a href="#f724220445">UJ03</a></td>
            <td>
            0%
    </td>
    <td>
        <table class="timelineview" cellpadding="0" cellspacing="0">
            <tr>
                    <td>
                        <a class="bar colorInitializationFailed" 
                                style="width: 199px;" 
                                title="test initialization falied for 1" 
                                                    href="#error_summary"
                                />
                    </td>
            </tr>
        </table>
    </td>
    <td>1</td>
    <td>0</td>
    <td>1</td>
    <td>0</td>
    <td>0</td>
    <td>0</td>

    </tr>
    <tr>
            <td><a href="#f-906899722">UJ04</a></td>
            <td>
            0%
    </td>
    <td>
        <table class="timelineview" cellpadding="0" cellspacing="0">
            <tr>
                    <td>
                        <a class="bar colorInitializationFailed" 
                                style="width: 199px;" 
                                title="test initialization falied for 1" 
                                                    href="#error_summary"
                                />
                    </td>
            </tr>
        </table>
    </td>
    <td>1</td>
    <td>0</td>
    <td>1</td>
    <td>0</td>
    <td>0</td>
    <td>0</td>

    </tr>
    <tr>
            <td><a href="#f1855472467">UJ05</a></td>
            <td>
            0%
    </td>
    <td>
        <table class="timelineview" cellpadding="0" cellspacing="0">
            <tr>
                    <td>
                        <a class="bar colorInitializationFailed" 
                                style="width: 199px;" 
                                title="test initialization falied for 1" 
                                                    href="#error_summary"
                                />
                    </td>
            </tr>
        </table>
    </td>
    <td>1</td>
    <td>0</td>
    <td>1</td>
    <td>0</td>
    <td>0</td>
    <td>0</td>

    </tr>
    <tr>
            <td><a href="#f52484044">UJ06</a></td>
            <td>
            0%
    </td>
    <td>
        <table class="timelineview" cellpadding="0" cellspacing="0">
            <tr>
                    <td>
                        <a class="bar colorInitializationFailed" 
                                style="width: 199px;" 
                                title="test initialization falied for 1" 
                                                    href="#error_summary"
                                />
                    </td>
            </tr>
        </table>
    </td>
    <td>1</td>
    <td>0</td>
    <td>1</td>
    <td>0</td>
    <td>0</td>
    <td>0</td>

    </tr>
    <tr>
            <td><a href="#f-1580241751">UJ07</a></td>
            <td>
            0%
    </td>
    <td>
        <table class="timelineview" cellpadding="0" cellspacing="0">
            <tr>
                    <td>
                        <a class="bar colorInitializationFailed" 
                                style="width: 199px;" 
                                title="test initialization falied for 1" 
                                                    href="#error_summary"
                                />
                    </td>
            </tr>
        </table>
    </td>
    <td>1</td>
    <td>0</td>
    <td>1</td>
    <td>0</td>
    <td>0</td>
    <td>0</td>

    </tr>
    <tr>
            <td><a href="#f1184358658">UJ08</a></td>
            <td>
            0%
    </td>
    <td>
        <table class="timelineview" cellpadding="0" cellspacing="0">
            <tr>
                    <td>
                        <a class="bar colorInitializationFailed" 
                                style="width: 199px;" 
                                title="test initialization falied for 1" 
                                                    href="#error_summary"
                                />
                    </td>
            </tr>
        </table>
    </td>
    <td>1</td>
    <td>0</td>
    <td>1</td>
    <td>0</td>
    <td>0</td>
    <td>0</td>

    </tr>
    <tr>
            <td><a href="#f-79792641">UJ09</a></td>
            <td>
            0%
    </td>
    <td>
        <table class="timelineview" cellpadding="0" cellspacing="0">
            <tr>
                    <td>
                        <a class="bar colorInitializationFailed" 
                                style="width: 199px;" 
                                title="test initialization falied for 1" 
                                                    href="#error_summary"
                                />
                    </td>
            </tr>
        </table>
    </td>
    <td>1</td>
    <td>0</td>
    <td>1</td>
    <td>0</td>
    <td>0</td>
    <td>0</td>

    </tr>
    <tr>
            <td><a href="#f861084781">UJ10</a></td>
            <td>
            0%
    </td>
    <td>
        <table class="timelineview" cellpadding="0" cellspacing="0">
            <tr>
                    <td>
                        <a class="bar colorInitializationFailed" 
                                style="width: 199px;" 
                                title="test initialization falied for 1" 
                                                    href="#error_summary"
                                />
                    </td>
            </tr>
        </table>
    </td>
    <td>1</td>
    <td>0</td>
    <td>1</td>
    <td>0</td>
    <td>0</td>
    <td>0</td>

    </tr>
    <tr>
            <td><a href="#f-177263412">User Journey - 1</a></td>
            <td>
            0%
    </td>
    <td>
        <table class="timelineview" cellpadding="0" cellspacing="0">
            <tr>
                    <td>
                        <a class="bar colorInitializationFailed" 
                                style="width: 199px;" 
                                title="test initialization falied for 1" 
                                                    href="#error_summary"
                                />
                    </td>
            </tr>
        </table>
    </td>
    <td>1</td>
    <td>0</td>
    <td>1</td>
    <td>0</td>
    <td>0</td>
    <td>0</td>

    </tr>
        </table>

        <a name="error_summary" />
        <h2>Error Summary</h2>
        <table class="testEvents">
                <tr>
            <th>Test</th>
        <th colspan="2">Success rate</th>
        <th>Tests</th>
        <th>Succeeded</th>
        <th>Failed</th>
        <th>Pending</th>
        <th>Ignored</th>
        <th>Skipped</th>
    </tr>

                <tr>
                    <td>
                        <a href="#t-1191336048.0">Login into MyPhilips Account and change the account settings (in Philips.CDP.Automation.IAP.Tests.Workflows, As a USER i want to login into MyPhilipsAccount via Appframework application)</a>
                    </td>
                        <td>
            0%
    </td>
    <td>
        <table class="timelineview" cellpadding="0" cellspacing="0">
            <tr>
                    <td>
                        <a class="bar colorInitializationFailed" 
                                style="width: 199px;" 
                                title="test initialization falied for 1" 
                                                    href="#error_summary"
                                />
                    </td>
            </tr>
        </table>
    </td>
    <td>1</td>
    <td>0</td>
    <td>1</td>
    <td>0</td>
    <td>0</td>
    <td>0</td>

                </tr>
                <tr>
                    <td colspan="9" style="padding-left: 20px;"><div class="errorMessage">Error: Assert.Fail failed. Could not unlock the device, stopping Test Execution.</div></td>
                </tr>
                <tr>
                    <td>
                        <a href="#t-1984000755.0">UserJourney-1 (in Philips.CDP.Automation.IAP.Tests.Workflows, User Journey - 1)</a>
                    </td>
                        <td>
            0%
    </td>
    <td>
        <table class="timelineview" cellpadding="0" cellspacing="0">
            <tr>
                    <td>
                        <a class="bar colorInitializationFailed" 
                                style="width: 199px;" 
                                title="test initialization falied for 1" 
                                                    href="#error_summary"
                                />
                    </td>
            </tr>
        </table>
    </td>
    <td>1</td>
    <td>0</td>
    <td>1</td>
    <td>0</td>
    <td>0</td>
    <td>0</td>

                </tr>
                <tr>
                    <td colspan="9" style="padding-left: 20px;"><div class="errorMessage">Error: Assert.Fail failed. Could not unlock the device, stopping Test Execution.</div></td>
                </tr>
                <tr>
                    <td>
                        <a href="#t173245540.0">UserJourney-2 (in Philips.CDP.Automation.IAP.Tests.Workflows, UJ02)</a>
                    </td>
                        <td>
            0%
    </td>
    <td>
        <table class="timelineview" cellpadding="0" cellspacing="0">
            <tr>
                    <td>
                        <a class="bar colorInitializationFailed" 
                                style="width: 199px;" 
                                title="test initialization falied for 1" 
                                                    href="#error_summary"
                                />
                    </td>
            </tr>
        </table>
    </td>
    <td>1</td>
    <td>0</td>
    <td>1</td>
    <td>0</td>
    <td>0</td>
    <td>0</td>

                </tr>
                <tr>
                    <td colspan="9" style="padding-left: 20px;"><div class="errorMessage">Error: Assert.Fail failed. Could not unlock the device, stopping Test Execution.</div></td>
                </tr>
                <tr>
                    <td>
                        <a href="#t1476074462.0">UserJourney-3 (in Philips.CDP.Automation.IAP.Tests.Workflows, UJ03)</a>
                    </td>
                        <td>
            0%
    </td>
    <td>
        <table class="timelineview" cellpadding="0" cellspacing="0">
            <tr>
                    <td>
                        <a class="bar colorInitializationFailed" 
                                style="width: 199px;" 
                                title="test initialization falied for 1" 
                                                    href="#error_summary"
                                />
                    </td>
            </tr>
        </table>
    </td>
    <td>1</td>
    <td>0</td>
    <td>1</td>
    <td>0</td>
    <td>0</td>
    <td>0</td>

                </tr>
                <tr>
                    <td colspan="9" style="padding-left: 20px;"><div class="errorMessage">Error: Assert.Fail failed. Could not unlock the device, stopping Test Execution.</div></td>
                </tr>
                <tr>
                    <td>
                        <a href="#t-1256165560.0">UserJourney-4 (in Philips.CDP.Automation.IAP.Tests.Workflows, UJ04)</a>
                    </td>
                        <td>
            0%
    </td>
    <td>
        <table class="timelineview" cellpadding="0" cellspacing="0">
            <tr>
                    <td>
                        <a class="bar colorInitializationFailed" 
                                style="width: 199px;" 
                                title="test initialization falied for 1" 
                                                    href="#error_summary"
                                />
                    </td>
            </tr>
        </table>
    </td>
    <td>1</td>
    <td>0</td>
    <td>1</td>
    <td>0</td>
    <td>0</td>
    <td>0</td>

                </tr>
                <tr>
                    <td colspan="9" style="padding-left: 20px;"><div class="errorMessage">Error: Assert.Fail failed. Could not unlock the device, stopping Test Execution.</div></td>
                </tr>
                <tr>
                    <td>
                        <a href="#t306832110.0">UserJourney-5 (in Philips.CDP.Automation.IAP.Tests.Workflows, UJ05)</a>
                    </td>
                        <td>
            0%
    </td>
    <td>
        <table class="timelineview" cellpadding="0" cellspacing="0">
            <tr>
                    <td>
                        <a class="bar colorInitializationFailed" 
                                style="width: 199px;" 
                                title="test initialization falied for 1" 
                                                    href="#error_summary"
                                />
                    </td>
            </tr>
        </table>
    </td>
    <td>1</td>
    <td>0</td>
    <td>1</td>
    <td>0</td>
    <td>0</td>
    <td>0</td>

                </tr>
                <tr>
                    <td colspan="9" style="padding-left: 20px;"><div class="errorMessage">Error: Assert.Fail failed. Could not unlock the device, stopping Test Execution.</div></td>
                </tr>
                <tr>
                    <td>
                        <a href="#t2146530828.0">UserJourney-6 (in Philips.CDP.Automation.IAP.Tests.Workflows, UJ06)</a>
                    </td>
                        <td>
            0%
    </td>
    <td>
        <table class="timelineview" cellpadding="0" cellspacing="0">
            <tr>
                    <td>
                        <a class="bar colorInitializationFailed" 
                                style="width: 199px;" 
                                title="test initialization falied for 1" 
                                                    href="#error_summary"
                                />
                    </td>
            </tr>
        </table>
    </td>
    <td>1</td>
    <td>0</td>
    <td>1</td>
    <td>0</td>
    <td>0</td>
    <td>0</td>

                </tr>
                <tr>
                    <td colspan="9" style="padding-left: 20px;"><div class="errorMessage">Error: Assert.Fail failed. Could not unlock the device, stopping Test Execution.</div></td>
                </tr>
                <tr>
                    <td>
                        <a href="#t-585183978.0">UserJourney-7 (in Philips.CDP.Automation.IAP.Tests.Workflows, UJ07)</a>
                    </td>
                        <td>
            0%
    </td>
    <td>
        <table class="timelineview" cellpadding="0" cellspacing="0">
            <tr>
                    <td>
                        <a class="bar colorInitializationFailed" 
                                style="width: 199px;" 
                                title="test initialization falied for 1" 
                                                    href="#error_summary"
                                />
                    </td>
            </tr>
        </table>
    </td>
    <td>1</td>
    <td>0</td>
    <td>1</td>
    <td>0</td>
    <td>0</td>
    <td>0</td>

                </tr>
                <tr>
                    <td colspan="9" style="padding-left: 20px;"><div class="errorMessage">Error: Assert.Fail failed. Could not unlock the device, stopping Test Execution.</div></td>
                </tr>
                <tr>
                    <td>
                        <a href="#t977682616.0">UserJourney-8 (in Philips.CDP.Automation.IAP.Tests.Workflows, UJ08)</a>
                    </td>
                        <td>
            0%
    </td>
    <td>
        <table class="timelineview" cellpadding="0" cellspacing="0">
            <tr>
                    <td>
                        <a class="bar colorInitializationFailed" 
                                style="width: 199px;" 
                                title="test initialization falied for 1" 
                                                    href="#error_summary"
                                />
                    </td>
            </tr>
        </table>
    </td>
    <td>1</td>
    <td>0</td>
    <td>1</td>
    <td>0</td>
    <td>0</td>
    <td>0</td>

                </tr>
                <tr>
                    <td colspan="9" style="padding-left: 20px;"><div class="errorMessage">Error: Assert.Fail failed. Could not unlock the device, stopping Test Execution.</div></td>
                </tr>
                <tr>
                    <td>
                        <a href="#t-2014325690.0">UserJourney-9 (in Philips.CDP.Automation.IAP.Tests.Workflows, UJ09)</a>
                    </td>
                        <td>
            0%
    </td>
    <td>
        <table class="timelineview" cellpadding="0" cellspacing="0">
            <tr>
                    <td>
                        <a class="bar colorInitializationFailed" 
                                style="width: 199px;" 
                                title="test initialization falied for 1" 
                                                    href="#error_summary"
                                />
                    </td>
            </tr>
        </table>
    </td>
    <td>1</td>
    <td>0</td>
    <td>1</td>
    <td>0</td>
    <td>0</td>
    <td>0</td>

                </tr>
                <tr>
                    <td colspan="9" style="padding-left: 20px;"><div class="errorMessage">Error: Assert.Fail failed. Could not unlock the device, stopping Test Execution.</div></td>
                </tr>
                <tr>
                    <td>
                        <a href="#t-1668282660.0">UserJourney-10 (in Philips.CDP.Automation.IAP.Tests.Workflows, UJ10)</a>
                    </td>
                        <td>
            0%
    </td>
    <td>
        <table class="timelineview" cellpadding="0" cellspacing="0">
            <tr>
                    <td>
                        <a class="bar colorInitializationFailed" 
                                style="width: 199px;" 
                                title="test initialization falied for 1" 
                                                    href="#error_summary"
                                />
                    </td>
            </tr>
        </table>
    </td>
    <td>1</td>
    <td>0</td>
    <td>1</td>
    <td>0</td>
    <td>0</td>
    <td>0</td>

                </tr>
                <tr>
                    <td colspan="9" style="padding-left: 20px;"><div class="errorMessage">Error: Assert.Fail failed. Could not unlock the device, stopping Test Execution.</div></td>
                </tr>
        </table>

        <h2>Scenario Summary</h2>
            <a name="f1165018177" />
            <h3>Feature: As a USER i want to login into MyPhilipsAccount via Appframework application</h3>
            <table class="testEvents">
                    <tr>
            <th>Test</th>
        <th colspan="2">Success rate</th>
        <th>Tests</th>
        <th>Succeeded</th>
        <th>Failed</th>
        <th>Pending</th>
        <th>Ignored</th>
        <th>Skipped</th>
    </tr>

                    <tr>
                        <td>
                                    <a href="#t-1191336048.0">Scenario: Login into MyPhilips Account and change the account settings</a>

                        </td>
                            <td>
            0%
    </td>
    <td>
        <table class="timelineview" cellpadding="0" cellspacing="0">
            <tr>
                    <td>
                        <a class="bar colorInitializationFailed" 
                                style="width: 199px;" 
                                title="test initialization falied for 1" 
                                                    href="#error_summary"
                                />
                    </td>
            </tr>
        </table>
    </td>
    <td>1</td>
    <td>0</td>
    <td>1</td>
    <td>0</td>
    <td>0</td>
    <td>0</td>

                    </tr>
            </table>
            <a name="f1988240800" />
            <h3>Feature: UJ02</h3>
                <div class="description">
                    In order to avoid silly mistakes
As a math idiot
I want to be told the sum of two numbers
                </div>
            <table class="testEvents">
                    <tr>
            <th>Test</th>
        <th colspan="2">Success rate</th>
        <th>Tests</th>
        <th>Succeeded</th>
        <th>Failed</th>
        <th>Pending</th>
        <th>Ignored</th>
        <th>Skipped</th>
    </tr>

                    <tr>
                        <td>
                                    <a href="#t173245540.0">Scenario: UserJourney-2</a>

                        </td>
                            <td>
            0%
    </td>
    <td>
        <table class="timelineview" cellpadding="0" cellspacing="0">
            <tr>
                    <td>
                        <a class="bar colorInitializationFailed" 
                                style="width: 199px;" 
                                title="test initialization falied for 1" 
                                                    href="#error_summary"
                                />
                    </td>
            </tr>
        </table>
    </td>
    <td>1</td>
    <td>0</td>
    <td>1</td>
    <td>0</td>
    <td>0</td>
    <td>0</td>

                    </tr>
            </table>
            <a name="f724220445" />
            <h3>Feature: UJ03</h3>
                <div class="description">
                    In order to avoid silly mistakes
As a math idiot
I want to be told the sum of two numbers
                </div>
            <table class="testEvents">
                    <tr>
            <th>Test</th>
        <th colspan="2">Success rate</th>
        <th>Tests</th>
        <th>Succeeded</th>
        <th>Failed</th>
        <th>Pending</th>
        <th>Ignored</th>
        <th>Skipped</th>
    </tr>

                    <tr>
                        <td>
                                    <a href="#t1476074462.0">Scenario: UserJourney-3</a>

                        </td>
                            <td>
            0%
    </td>
    <td>
        <table class="timelineview" cellpadding="0" cellspacing="0">
            <tr>
                    <td>
                        <a class="bar colorInitializationFailed" 
                                style="width: 199px;" 
                                title="test initialization falied for 1" 
                                                    href="#error_summary"
                                />
                    </td>
            </tr>
        </table>
    </td>
    <td>1</td>
    <td>0</td>
    <td>1</td>
    <td>0</td>
    <td>0</td>
    <td>0</td>

                    </tr>
            </table>
            <a name="f-906899722" />
            <h3>Feature: UJ04</h3>
                <div class="description">
                    In order to avoid silly mistakes
As a math idiot
I want to be told the sum of two numbers
                </div>
            <table class="testEvents">
                    <tr>
            <th>Test</th>
        <th colspan="2">Success rate</th>
        <th>Tests</th>
        <th>Succeeded</th>
        <th>Failed</th>
        <th>Pending</th>
        <th>Ignored</th>
        <th>Skipped</th>
    </tr>

                    <tr>
                        <td>
                                    <a href="#t-1256165560.0">Scenario: UserJourney-4</a>

                        </td>
                            <td>
            0%
    </td>
    <td>
        <table class="timelineview" cellpadding="0" cellspacing="0">
            <tr>
                    <td>
                        <a class="bar colorInitializationFailed" 
                                style="width: 199px;" 
                                title="test initialization falied for 1" 
                                                    href="#error_summary"
                                />
                    </td>
            </tr>
        </table>
    </td>
    <td>1</td>
    <td>0</td>
    <td>1</td>
    <td>0</td>
    <td>0</td>
    <td>0</td>

                    </tr>
            </table>
            <a name="f1855472467" />
            <h3>Feature: UJ05</h3>
                <div class="description">
                    Repeat user
Multiple shipping addresses
                </div>
            <table class="testEvents">
                    <tr>
            <th>Test</th>
        <th colspan="2">Success rate</th>
        <th>Tests</th>
        <th>Succeeded</th>
        <th>Failed</th>
        <th>Pending</th>
        <th>Ignored</th>
        <th>Skipped</th>
    </tr>

                    <tr>
                        <td>
                                    <a href="#t306832110.0">Scenario: UserJourney-5</a>

                        </td>
                            <td>
            0%
    </td>
    <td>
        <table class="timelineview" cellpadding="0" cellspacing="0">
            <tr>
                    <td>
                        <a class="bar colorInitializationFailed" 
                                style="width: 199px;" 
                                title="test initialization falied for 1" 
                                                    href="#error_summary"
                                />
                    </td>
            </tr>
        </table>
    </td>
    <td>1</td>
    <td>0</td>
    <td>1</td>
    <td>0</td>
    <td>0</td>
    <td>0</td>

                    </tr>
            </table>
            <a name="f52484044" />
            <h3>Feature: UJ06</h3>
                <div class="description">
                    In order to avoid silly mistakes
As a math idiot
I want to be told the sum of two numbers
                </div>
            <table class="testEvents">
                    <tr>
            <th>Test</th>
        <th colspan="2">Success rate</th>
        <th>Tests</th>
        <th>Succeeded</th>
        <th>Failed</th>
        <th>Pending</th>
        <th>Ignored</th>
        <th>Skipped</th>
    </tr>

                    <tr>
                        <td>
                                    <a href="#t2146530828.0">Scenario: UserJourney-6</a>

                        </td>
                            <td>
            0%
    </td>
    <td>
        <table class="timelineview" cellpadding="0" cellspacing="0">
            <tr>
                    <td>
                        <a class="bar colorInitializationFailed" 
                                style="width: 199px;" 
                                title="test initialization falied for 1" 
                                                    href="#error_summary"
                                />
                    </td>
            </tr>
        </table>
    </td>
    <td>1</td>
    <td>0</td>
    <td>1</td>
    <td>0</td>
    <td>0</td>
    <td>0</td>

                    </tr>
            </table>
            <a name="f-1580241751" />
            <h3>Feature: UJ07</h3>
                <div class="description">
                    In order to avoid silly mistake
As a math idiot
I want to be told the sum of two numbers
                </div>
            <table class="testEvents">
                    <tr>
            <th>Test</th>
        <th colspan="2">Success rate</th>
        <th>Tests</th>
        <th>Succeeded</th>
        <th>Failed</th>
        <th>Pending</th>
        <th>Ignored</th>
        <th>Skipped</th>
    </tr>

                    <tr>
                        <td>
                                    <a href="#t-585183978.0">Scenario: UserJourney-7</a>

                        </td>
                            <td>
            0%
    </td>
    <td>
        <table class="timelineview" cellpadding="0" cellspacing="0">
            <tr>
                    <td>
                        <a class="bar colorInitializationFailed" 
                                style="width: 199px;" 
                                title="test initialization falied for 1" 
                                                    href="#error_summary"
                                />
                    </td>
            </tr>
        </table>
    </td>
    <td>1</td>
    <td>0</td>
    <td>1</td>
    <td>0</td>
    <td>0</td>
    <td>0</td>

                    </tr>
            </table>
            <a name="f1184358658" />
            <h3>Feature: UJ08</h3>
                <div class="description">
                    In order to avoid silly mistakes
As a math idiot
I want to be told the sum of two numbers
                </div>
            <table class="testEvents">
                    <tr>
            <th>Test</th>
        <th colspan="2">Success rate</th>
        <th>Tests</th>
        <th>Succeeded</th>
        <th>Failed</th>
        <th>Pending</th>
        <th>Ignored</th>
        <th>Skipped</th>
    </tr>

                    <tr>
                        <td>
                                    <a href="#t977682616.0">Scenario: UserJourney-8</a>

                        </td>
                            <td>
            0%
    </td>
    <td>
        <table class="timelineview" cellpadding="0" cellspacing="0">
            <tr>
                    <td>
                        <a class="bar colorInitializationFailed" 
                                style="width: 199px;" 
                                title="test initialization falied for 1" 
                                                    href="#error_summary"
                                />
                    </td>
            </tr>
        </table>
    </td>
    <td>1</td>
    <td>0</td>
    <td>1</td>
    <td>0</td>
    <td>0</td>
    <td>0</td>

                    </tr>
            </table>
            <a name="f-79792641" />
            <h3>Feature: UJ09</h3>
                <div class="description">
                    In order to avoid silly mistakes
As a math idiot
I want to be told the sum of two numbers
                </div>
            <table class="testEvents">
                    <tr>
            <th>Test</th>
        <th colspan="2">Success rate</th>
        <th>Tests</th>
        <th>Succeeded</th>
        <th>Failed</th>
        <th>Pending</th>
        <th>Ignored</th>
        <th>Skipped</th>
    </tr>

                    <tr>
                        <td>
                                    <a href="#t-2014325690.0">Scenario: UserJourney-9</a>

                        </td>
                            <td>
            0%
    </td>
    <td>
        <table class="timelineview" cellpadding="0" cellspacing="0">
            <tr>
                    <td>
                        <a class="bar colorInitializationFailed" 
                                style="width: 199px;" 
                                title="test initialization falied for 1" 
                                                    href="#error_summary"
                                />
                    </td>
            </tr>
        </table>
    </td>
    <td>1</td>
    <td>0</td>
    <td>1</td>
    <td>0</td>
    <td>0</td>
    <td>0</td>

                    </tr>
            </table>
            <a name="f861084781" />
            <h3>Feature: UJ10</h3>
                <div class="description">
                    In order to avoid silly mistakes
As a math idiot
I want to be told the sum of two numbers
                </div>
            <table class="testEvents">
                    <tr>
            <th>Test</th>
        <th colspan="2">Success rate</th>
        <th>Tests</th>
        <th>Succeeded</th>
        <th>Failed</th>
        <th>Pending</th>
        <th>Ignored</th>
        <th>Skipped</th>
    </tr>

                    <tr>
                        <td>
                                    <a href="#t-1668282660.0">Scenario: UserJourney-10</a>

                        </td>
                            <td>
            0%
    </td>
    <td>
        <table class="timelineview" cellpadding="0" cellspacing="0">
            <tr>
                    <td>
                        <a class="bar colorInitializationFailed" 
                                style="width: 199px;" 
                                title="test initialization falied for 1" 
                                                    href="#error_summary"
                                />
                    </td>
            </tr>
        </table>
    </td>
    <td>1</td>
    <td>0</td>
    <td>1</td>
    <td>0</td>
    <td>0</td>
    <td>0</td>

                    </tr>
            </table>
            <a name="f-177263412" />
            <h3>Feature: User Journey - 1</h3>
                <div class="description">
                    Select a Product from the Homepage, Go to Shopping cart, add quantities, Checkout
Enter the Shipping address, Continue shopping.
                </div>
            <table class="testEvents">
                    <tr>
            <th>Test</th>
        <th colspan="2">Success rate</th>
        <th>Tests</th>
        <th>Succeeded</th>
        <th>Failed</th>
        <th>Pending</th>
        <th>Ignored</th>
        <th>Skipped</th>
    </tr>

                    <tr>
                        <td>
                                    <a href="#t-1984000755.0">Scenario: UserJourney-1</a>

                        </td>
                            <td>
            0%
    </td>
    <td>
        <table class="timelineview" cellpadding="0" cellspacing="0">
            <tr>
                    <td>
                        <a class="bar colorInitializationFailed" 
                                style="width: 199px;" 
                                title="test initialization falied for 1" 
                                                    href="#error_summary"
                                />
                    </td>
            </tr>
        </table>
    </td>
    <td>1</td>
    <td>0</td>
    <td>1</td>
    <td>0</td>
    <td>0</td>
    <td>0</td>

                    </tr>
            </table>

        <h2>Execution Details</h2>
            <a name="t-1191336048.0" />
            <h3>Scenario: Login into MyPhilips Account and change the account settings (in Philips.CDP.Automation.IAP.Tests.Workflows, As a USER i want to login into MyPhilipsAccount via Appframework application)</h3>
                <div class="description">
                    tags: mytag
                </div>
            <ul>
                <li>Status: InitializationFailed</li>
                <li>Start time: 8/2/2016 6:44:03 PM</li>
                <li>Execution time (sec): 8.5168516</li>
                <li>Thread: #0</li>
                <li>Error: Assert.Fail failed. Could not unlock the device, stopping Test Execution.</li>
            </ul>
            <table class="testEvents">
                <tr>
                    <th>Steps</th>
                    <th>Trace</th>
                    <th>Result</th>
                </tr>
                    <tr>
                        <td>
                            <pre class="log"></pre>
                        </td>
                        <td>
                            <!-- [Initialization: Feature - As a USER i want to login into MyPhilipsAccount via Appframework application] -->
                            <pre class="log"></pre>
                                <div class="errorMessage">Assert.Fail failed. Could not unlock the device, stopping Test Execution.</div>
                                <pre class="stackTrace">Microsoft.VisualStudio.TestTools.UnitTesting.AssertFailedException: Assert.Fail failed. Could not unlock the device, stopping Test Execution.
   at Microsoft.VisualStudio.TestTools.UnitTesting.Assert.HandleFailure(String assertionName, String message)
   at Microsoft.VisualStudio.TestTools.UnitTesting.Assert.Fail(String message)
   at Philips.H2H.Foundation.AutomationCore.Logger.Fail(String text) in d:\MM\Latest\CDP_TestAutomation\CDP_TestAutomation\CDP_TestAutomation\Src\Src\01Foundation\Common\Logging\Logger.cs:line 54
   at Philips.H2H.Foundation.AutomationCore.Mobile.Device.Unlock(String deviceId) in d:\MM\Latest\CDP_TestAutomation\CDP_TestAutomation\CDP_TestAutomation\Src\Src\01Foundation\Common\Mobile\Device.cs:line 38
   at Philips.SIG.Automation.Android.CDP.IAPTestPlugin.IAPConfiguration.LoadConfiguration() in d:\MM\Latest\CDP_TestAutomation\CDP_TestAutomation\CDP_TestAutomation\Src\Src\02TestAuthoring API\CDP_TestPlugin\IAPConfiguration.cs:line 46
   at Philips.CDP.Automation.IAP.Test.ApplicationStartup.PreDataSetup.BeforeTestRun() in d:\MM\Latest\CDP_TestAutomation\CDP_TestAutomation\CDP_TestAutomation\Src\Src\03Test\WorkFlowTests\GlobalSteps.cs:line 25
   at TechTalk.SpecFlow.Bindings.BindingInvoker.InvokeBinding(IBinding binding, IContextManager contextManager, Object[] arguments, ITestTracer testTracer, TimeSpan&amp; duration)
   at TechTalk.SpecFlow.Infrastructure.TestExecutionEngine.FireEvents(HookType bindingEvent)
   at TechTalk.SpecFlow.Infrastructure.TestExecutionEngine.Initialize(Assembly[] bindingAssemblies)
   at TechTalk.SpecFlow.Infrastructure.TestRunnerFactory.Create(Assembly testAssembly)
   at TechTalk.SpecFlow.TestRunnerManager.GetTestRunner(TestRunnerKey key)
   at Philips.CDP.Automation.IAP.Tests.Workflows.AsAUSERIWantToLoginIntoMyPhilipsAccountViaAppframeworkApplicationFeature.FeatureSetup() in d:\MM\Latest\CDP_TestAutomation\CDP_TestAutomation\CDP_TestAutomation\Src\Src\03Test\WorkFlowTests\MyPhilips.feature.cs:line 0
   at TechTalk.SpecRun.Framework.TaskExecutors.StaticOrInstanceMethodExecutor.ExecuteInternal(ITestThreadExecutionContext testThreadExecutionContext) in c:\TeamCity\BuildAgent\work\245a3e4d646c0875\TechTalk.SpecRun.Framework.Interfaces\TaskExecutors\StaticOrInstanceMethodExecutor.cs:line 40
   at TechTalk.SpecRun.Framework.TaskExecutors.ChainedTaskExecutor.Execute(ITestThreadExecutionContext testThreadExecutionContext) in c:\TeamCity\BuildAgent\work\245a3e4d646c0875\TechTalk.SpecRun.Framework.Interfaces\TaskExecutors\ChainedTaskExecutor.cs:line 20
   at TechTalk.SpecRun.Framework.TestAssemblyExecutor.ExecuteTestNodeTask(TestNode testNode, ITaskExecutor task, TraceEventType eventType) in c:\TeamCity\BuildAgent\work\245a3e4d646c0875\TechTalk.SpecRun.Framework.Executor\TestAssemblyExecutor.cs:line 215</pre>
                        </td>
                        <td>Failed in 8.492s</td>
                    </tr>
            </table>
            <a name="t-1984000755.0" />
            <h3>Scenario: UserJourney-1 (in Philips.CDP.Automation.IAP.Tests.Workflows, User Journey - 1)</h3>
                <div class="description">
                    tags: mytag
                </div>
            <ul>
                <li>Status: InitializationFailed</li>
                <li>Start time: 8/2/2016 6:44:12 PM</li>
                <li>Execution time (sec): 6.1376137</li>
                <li>Thread: #0</li>
                <li>Error: Assert.Fail failed. Could not unlock the device, stopping Test Execution.</li>
            </ul>
            <table class="testEvents">
                <tr>
                    <th>Steps</th>
                    <th>Trace</th>
                    <th>Result</th>
                </tr>
                    <tr>
                        <td>
                            <pre class="log"></pre>
                        </td>
                        <td>
                            <!-- [Initialization: Feature - User Journey - 1] -->
                            <pre class="log"></pre>
                                <div class="errorMessage">Assert.Fail failed. Could not unlock the device, stopping Test Execution.</div>
                                <pre class="stackTrace">Microsoft.VisualStudio.TestTools.UnitTesting.AssertFailedException: Assert.Fail failed. Could not unlock the device, stopping Test Execution.
   at Microsoft.VisualStudio.TestTools.UnitTesting.Assert.HandleFailure(String assertionName, String message)
   at Microsoft.VisualStudio.TestTools.UnitTesting.Assert.Fail(String message)
   at Philips.H2H.Foundation.AutomationCore.Logger.Fail(String text) in d:\MM\Latest\CDP_TestAutomation\CDP_TestAutomation\CDP_TestAutomation\Src\Src\01Foundation\Common\Logging\Logger.cs:line 54
   at Philips.H2H.Foundation.AutomationCore.Mobile.Device.Unlock(String deviceId) in d:\MM\Latest\CDP_TestAutomation\CDP_TestAutomation\CDP_TestAutomation\Src\Src\01Foundation\Common\Mobile\Device.cs:line 38
   at Philips.SIG.Automation.Android.CDP.IAPTestPlugin.IAPConfiguration.LoadConfiguration() in d:\MM\Latest\CDP_TestAutomation\CDP_TestAutomation\CDP_TestAutomation\Src\Src\02TestAuthoring API\CDP_TestPlugin\IAPConfiguration.cs:line 46
   at Philips.CDP.Automation.IAP.Test.ApplicationStartup.PreDataSetup.BeforeTestRun() in d:\MM\Latest\CDP_TestAutomation\CDP_TestAutomation\CDP_TestAutomation\Src\Src\03Test\WorkFlowTests\GlobalSteps.cs:line 25
   at TechTalk.SpecFlow.Bindings.BindingInvoker.InvokeBinding(IBinding binding, IContextManager contextManager, Object[] arguments, ITestTracer testTracer, TimeSpan&amp; duration)
   at TechTalk.SpecFlow.Infrastructure.TestExecutionEngine.FireEvents(HookType bindingEvent)
   at TechTalk.SpecFlow.Infrastructure.TestExecutionEngine.Initialize(Assembly[] bindingAssemblies)
   at TechTalk.SpecFlow.Infrastructure.TestRunnerFactory.Create(Assembly testAssembly)
   at TechTalk.SpecFlow.TestRunnerManager.GetTestRunner(TestRunnerKey key)
   at Philips.CDP.Automation.IAP.Tests.Workflows.UserJourney_1Feature.FeatureSetup() in d:\MM\Latest\CDP_TestAutomation\CDP_TestAutomation\CDP_TestAutomation\Src\Src\03Test\WorkFlowTests\UJ01.feature.cs:line 0
   at TechTalk.SpecRun.Framework.TaskExecutors.StaticOrInstanceMethodExecutor.ExecuteInternal(ITestThreadExecutionContext testThreadExecutionContext) in c:\TeamCity\BuildAgent\work\245a3e4d646c0875\TechTalk.SpecRun.Framework.Interfaces\TaskExecutors\StaticOrInstanceMethodExecutor.cs:line 40
   at TechTalk.SpecRun.Framework.TaskExecutors.ChainedTaskExecutor.Execute(ITestThreadExecutionContext testThreadExecutionContext) in c:\TeamCity\BuildAgent\work\245a3e4d646c0875\TechTalk.SpecRun.Framework.Interfaces\TaskExecutors\ChainedTaskExecutor.cs:line 20
   at TechTalk.SpecRun.Framework.TestAssemblyExecutor.ExecuteTestNodeTask(TestNode testNode, ITaskExecutor task, TraceEventType eventType) in c:\TeamCity\BuildAgent\work\245a3e4d646c0875\TechTalk.SpecRun.Framework.Executor\TestAssemblyExecutor.cs:line 215</pre>
                        </td>
                        <td>Failed in 6.136s</td>
                    </tr>
            </table>
            <a name="t173245540.0" />
            <h3>Scenario: UserJourney-2 (in Philips.CDP.Automation.IAP.Tests.Workflows, UJ02)</h3>
                <div class="description">
                    tags: mytag
                </div>
            <ul>
                <li>Status: InitializationFailed</li>
                <li>Start time: 8/2/2016 6:44:18 PM</li>
                <li>Execution time (sec): 6.1286128</li>
                <li>Thread: #0</li>
                <li>Error: Assert.Fail failed. Could not unlock the device, stopping Test Execution.</li>
            </ul>
            <table class="testEvents">
                <tr>
                    <th>Steps</th>
                    <th>Trace</th>
                    <th>Result</th>
                </tr>
                    <tr>
                        <td>
                            <pre class="log"></pre>
                        </td>
                        <td>
                            <!-- [Initialization: Feature - UJ02] -->
                            <pre class="log"></pre>
                                <div class="errorMessage">Assert.Fail failed. Could not unlock the device, stopping Test Execution.</div>
                                <pre class="stackTrace">Microsoft.VisualStudio.TestTools.UnitTesting.AssertFailedException: Assert.Fail failed. Could not unlock the device, stopping Test Execution.
   at Microsoft.VisualStudio.TestTools.UnitTesting.Assert.HandleFailure(String assertionName, String message)
   at Microsoft.VisualStudio.TestTools.UnitTesting.Assert.Fail(String message)
   at Philips.H2H.Foundation.AutomationCore.Logger.Fail(String text) in d:\MM\Latest\CDP_TestAutomation\CDP_TestAutomation\CDP_TestAutomation\Src\Src\01Foundation\Common\Logging\Logger.cs:line 54
   at Philips.H2H.Foundation.AutomationCore.Mobile.Device.Unlock(String deviceId) in d:\MM\Latest\CDP_TestAutomation\CDP_TestAutomation\CDP_TestAutomation\Src\Src\01Foundation\Common\Mobile\Device.cs:line 38
   at Philips.SIG.Automation.Android.CDP.IAPTestPlugin.IAPConfiguration.LoadConfiguration() in d:\MM\Latest\CDP_TestAutomation\CDP_TestAutomation\CDP_TestAutomation\Src\Src\02TestAuthoring API\CDP_TestPlugin\IAPConfiguration.cs:line 46
   at Philips.CDP.Automation.IAP.Test.ApplicationStartup.PreDataSetup.BeforeTestRun() in d:\MM\Latest\CDP_TestAutomation\CDP_TestAutomation\CDP_TestAutomation\Src\Src\03Test\WorkFlowTests\GlobalSteps.cs:line 25
   at TechTalk.SpecFlow.Bindings.BindingInvoker.InvokeBinding(IBinding binding, IContextManager contextManager, Object[] arguments, ITestTracer testTracer, TimeSpan&amp; duration)
   at TechTalk.SpecFlow.Infrastructure.TestExecutionEngine.FireEvents(HookType bindingEvent)
   at TechTalk.SpecFlow.Infrastructure.TestExecutionEngine.Initialize(Assembly[] bindingAssemblies)
   at TechTalk.SpecFlow.Infrastructure.TestRunnerFactory.Create(Assembly testAssembly)
   at TechTalk.SpecFlow.TestRunnerManager.GetTestRunner(TestRunnerKey key)
   at Philips.CDP.Automation.IAP.Tests.Workflows.UJ02Feature.FeatureSetup() in d:\MM\Latest\CDP_TestAutomation\CDP_TestAutomation\CDP_TestAutomation\Src\Src\03Test\WorkFlowTests\UJ02.feature.cs:line 0
   at TechTalk.SpecRun.Framework.TaskExecutors.StaticOrInstanceMethodExecutor.ExecuteInternal(ITestThreadExecutionContext testThreadExecutionContext) in c:\TeamCity\BuildAgent\work\245a3e4d646c0875\TechTalk.SpecRun.Framework.Interfaces\TaskExecutors\StaticOrInstanceMethodExecutor.cs:line 40
   at TechTalk.SpecRun.Framework.TaskExecutors.ChainedTaskExecutor.Execute(ITestThreadExecutionContext testThreadExecutionContext) in c:\TeamCity\BuildAgent\work\245a3e4d646c0875\TechTalk.SpecRun.Framework.Interfaces\TaskExecutors\ChainedTaskExecutor.cs:line 20
   at TechTalk.SpecRun.Framework.TestAssemblyExecutor.ExecuteTestNodeTask(TestNode testNode, ITaskExecutor task, TraceEventType eventType) in c:\TeamCity\BuildAgent\work\245a3e4d646c0875\TechTalk.SpecRun.Framework.Executor\TestAssemblyExecutor.cs:line 215</pre>
                        </td>
                        <td>Failed in 6.128s</td>
                    </tr>
            </table>
            <a name="t1476074462.0" />
            <h3>Scenario: UserJourney-3 (in Philips.CDP.Automation.IAP.Tests.Workflows, UJ03)</h3>
                <div class="description">
                    tags: mytag
                </div>
            <ul>
                <li>Status: InitializationFailed</li>
                <li>Start time: 8/2/2016 6:44:24 PM</li>
                <li>Execution time (sec): 6.1426142</li>
                <li>Thread: #0</li>
                <li>Error: Assert.Fail failed. Could not unlock the device, stopping Test Execution.</li>
            </ul>
            <table class="testEvents">
                <tr>
                    <th>Steps</th>
                    <th>Trace</th>
                    <th>Result</th>
                </tr>
                    <tr>
                        <td>
                            <pre class="log"></pre>
                        </td>
                        <td>
                            <!-- [Initialization: Feature - UJ03] -->
                            <pre class="log"></pre>
                                <div class="errorMessage">Assert.Fail failed. Could not unlock the device, stopping Test Execution.</div>
                                <pre class="stackTrace">Microsoft.VisualStudio.TestTools.UnitTesting.AssertFailedException: Assert.Fail failed. Could not unlock the device, stopping Test Execution.
   at Microsoft.VisualStudio.TestTools.UnitTesting.Assert.HandleFailure(String assertionName, String message)
   at Microsoft.VisualStudio.TestTools.UnitTesting.Assert.Fail(String message)
   at Philips.H2H.Foundation.AutomationCore.Logger.Fail(String text) in d:\MM\Latest\CDP_TestAutomation\CDP_TestAutomation\CDP_TestAutomation\Src\Src\01Foundation\Common\Logging\Logger.cs:line 54
   at Philips.H2H.Foundation.AutomationCore.Mobile.Device.Unlock(String deviceId) in d:\MM\Latest\CDP_TestAutomation\CDP_TestAutomation\CDP_TestAutomation\Src\Src\01Foundation\Common\Mobile\Device.cs:line 38
   at Philips.SIG.Automation.Android.CDP.IAPTestPlugin.IAPConfiguration.LoadConfiguration() in d:\MM\Latest\CDP_TestAutomation\CDP_TestAutomation\CDP_TestAutomation\Src\Src\02TestAuthoring API\CDP_TestPlugin\IAPConfiguration.cs:line 46
   at Philips.CDP.Automation.IAP.Test.ApplicationStartup.PreDataSetup.BeforeTestRun() in d:\MM\Latest\CDP_TestAutomation\CDP_TestAutomation\CDP_TestAutomation\Src\Src\03Test\WorkFlowTests\GlobalSteps.cs:line 25
   at TechTalk.SpecFlow.Bindings.BindingInvoker.InvokeBinding(IBinding binding, IContextManager contextManager, Object[] arguments, ITestTracer testTracer, TimeSpan&amp; duration)
   at TechTalk.SpecFlow.Infrastructure.TestExecutionEngine.FireEvents(HookType bindingEvent)
   at TechTalk.SpecFlow.Infrastructure.TestExecutionEngine.Initialize(Assembly[] bindingAssemblies)
   at TechTalk.SpecFlow.Infrastructure.TestRunnerFactory.Create(Assembly testAssembly)
   at TechTalk.SpecFlow.TestRunnerManager.GetTestRunner(TestRunnerKey key)
   at Philips.CDP.Automation.IAP.Tests.Workflows.UJ03Feature.FeatureSetup() in d:\MM\Latest\CDP_TestAutomation\CDP_TestAutomation\CDP_TestAutomation\Src\Src\03Test\WorkFlowTests\UJ03.feature.cs:line 0
   at TechTalk.SpecRun.Framework.TaskExecutors.StaticOrInstanceMethodExecutor.ExecuteInternal(ITestThreadExecutionContext testThreadExecutionContext) in c:\TeamCity\BuildAgent\work\245a3e4d646c0875\TechTalk.SpecRun.Framework.Interfaces\TaskExecutors\StaticOrInstanceMethodExecutor.cs:line 40
   at TechTalk.SpecRun.Framework.TaskExecutors.ChainedTaskExecutor.Execute(ITestThreadExecutionContext testThreadExecutionContext) in c:\TeamCity\BuildAgent\work\245a3e4d646c0875\TechTalk.SpecRun.Framework.Interfaces\TaskExecutors\ChainedTaskExecutor.cs:line 20
   at TechTalk.SpecRun.Framework.TestAssemblyExecutor.ExecuteTestNodeTask(TestNode testNode, ITaskExecutor task, TraceEventType eventType) in c:\TeamCity\BuildAgent\work\245a3e4d646c0875\TechTalk.SpecRun.Framework.Executor\TestAssemblyExecutor.cs:line 215</pre>
                        </td>
                        <td>Failed in 6.142s</td>
                    </tr>
            </table>
            <a name="t-1256165560.0" />
            <h3>Scenario: UserJourney-4 (in Philips.CDP.Automation.IAP.Tests.Workflows, UJ04)</h3>
                <div class="description">
                    tags: mytag
                </div>
            <ul>
                <li>Status: InitializationFailed</li>
                <li>Start time: 8/2/2016 6:44:30 PM</li>
                <li>Execution time (sec): 6.1356135</li>
                <li>Thread: #0</li>
                <li>Error: Assert.Fail failed. Could not unlock the device, stopping Test Execution.</li>
            </ul>
            <table class="testEvents">
                <tr>
                    <th>Steps</th>
                    <th>Trace</th>
                    <th>Result</th>
                </tr>
                    <tr>
                        <td>
                            <pre class="log"></pre>
                        </td>
                        <td>
                            <!-- [Initialization: Feature - UJ04] -->
                            <pre class="log"></pre>
                                <div class="errorMessage">Assert.Fail failed. Could not unlock the device, stopping Test Execution.</div>
                                <pre class="stackTrace">Microsoft.VisualStudio.TestTools.UnitTesting.AssertFailedException: Assert.Fail failed. Could not unlock the device, stopping Test Execution.
   at Microsoft.VisualStudio.TestTools.UnitTesting.Assert.HandleFailure(String assertionName, String message)
   at Microsoft.VisualStudio.TestTools.UnitTesting.Assert.Fail(String message)
   at Philips.H2H.Foundation.AutomationCore.Logger.Fail(String text) in d:\MM\Latest\CDP_TestAutomation\CDP_TestAutomation\CDP_TestAutomation\Src\Src\01Foundation\Common\Logging\Logger.cs:line 54
   at Philips.H2H.Foundation.AutomationCore.Mobile.Device.Unlock(String deviceId) in d:\MM\Latest\CDP_TestAutomation\CDP_TestAutomation\CDP_TestAutomation\Src\Src\01Foundation\Common\Mobile\Device.cs:line 38
   at Philips.SIG.Automation.Android.CDP.IAPTestPlugin.IAPConfiguration.LoadConfiguration() in d:\MM\Latest\CDP_TestAutomation\CDP_TestAutomation\CDP_TestAutomation\Src\Src\02TestAuthoring API\CDP_TestPlugin\IAPConfiguration.cs:line 46
   at Philips.CDP.Automation.IAP.Test.ApplicationStartup.PreDataSetup.BeforeTestRun() in d:\MM\Latest\CDP_TestAutomation\CDP_TestAutomation\CDP_TestAutomation\Src\Src\03Test\WorkFlowTests\GlobalSteps.cs:line 25
   at TechTalk.SpecFlow.Bindings.BindingInvoker.InvokeBinding(IBinding binding, IContextManager contextManager, Object[] arguments, ITestTracer testTracer, TimeSpan&amp; duration)
   at TechTalk.SpecFlow.Infrastructure.TestExecutionEngine.FireEvents(HookType bindingEvent)
   at TechTalk.SpecFlow.Infrastructure.TestExecutionEngine.Initialize(Assembly[] bindingAssemblies)
   at TechTalk.SpecFlow.Infrastructure.TestRunnerFactory.Create(Assembly testAssembly)
   at TechTalk.SpecFlow.TestRunnerManager.GetTestRunner(TestRunnerKey key)
   at Philips.CDP.Automation.IAP.Tests.Workflows.UJ04Feature.FeatureSetup() in d:\MM\Latest\CDP_TestAutomation\CDP_TestAutomation\CDP_TestAutomation\Src\Src\03Test\WorkFlowTests\UJ04.feature.cs:line 0
   at TechTalk.SpecRun.Framework.TaskExecutors.StaticOrInstanceMethodExecutor.ExecuteInternal(ITestThreadExecutionContext testThreadExecutionContext) in c:\TeamCity\BuildAgent\work\245a3e4d646c0875\TechTalk.SpecRun.Framework.Interfaces\TaskExecutors\StaticOrInstanceMethodExecutor.cs:line 40
   at TechTalk.SpecRun.Framework.TaskExecutors.ChainedTaskExecutor.Execute(ITestThreadExecutionContext testThreadExecutionContext) in c:\TeamCity\BuildAgent\work\245a3e4d646c0875\TechTalk.SpecRun.Framework.Interfaces\TaskExecutors\ChainedTaskExecutor.cs:line 20
   at TechTalk.SpecRun.Framework.TestAssemblyExecutor.ExecuteTestNodeTask(TestNode testNode, ITaskExecutor task, TraceEventType eventType) in c:\TeamCity\BuildAgent\work\245a3e4d646c0875\TechTalk.SpecRun.Framework.Executor\TestAssemblyExecutor.cs:line 215</pre>
                        </td>
                        <td>Failed in 6.135s</td>
                    </tr>
            </table>
            <a name="t306832110.0" />
            <h3>Scenario: UserJourney-5 (in Philips.CDP.Automation.IAP.Tests.Workflows, UJ05)</h3>
                <div class="description">
                    tags: mytag
                </div>
            <ul>
                <li>Status: InitializationFailed</li>
                <li>Start time: 8/2/2016 6:44:36 PM</li>
                <li>Execution time (sec): 6.1246124</li>
                <li>Thread: #0</li>
                <li>Error: Assert.Fail failed. Could not unlock the device, stopping Test Execution.</li>
            </ul>
            <table class="testEvents">
                <tr>
                    <th>Steps</th>
                    <th>Trace</th>
                    <th>Result</th>
                </tr>
                    <tr>
                        <td>
                            <pre class="log"></pre>
                        </td>
                        <td>
                            <!-- [Initialization: Feature - UJ05] -->
                            <pre class="log"></pre>
                                <div class="errorMessage">Assert.Fail failed. Could not unlock the device, stopping Test Execution.</div>
                                <pre class="stackTrace">Microsoft.VisualStudio.TestTools.UnitTesting.AssertFailedException: Assert.Fail failed. Could not unlock the device, stopping Test Execution.
   at Microsoft.VisualStudio.TestTools.UnitTesting.Assert.HandleFailure(String assertionName, String message)
   at Microsoft.VisualStudio.TestTools.UnitTesting.Assert.Fail(String message)
   at Philips.H2H.Foundation.AutomationCore.Logger.Fail(String text) in d:\MM\Latest\CDP_TestAutomation\CDP_TestAutomation\CDP_TestAutomation\Src\Src\01Foundation\Common\Logging\Logger.cs:line 54
   at Philips.H2H.Foundation.AutomationCore.Mobile.Device.Unlock(String deviceId) in d:\MM\Latest\CDP_TestAutomation\CDP_TestAutomation\CDP_TestAutomation\Src\Src\01Foundation\Common\Mobile\Device.cs:line 38
   at Philips.SIG.Automation.Android.CDP.IAPTestPlugin.IAPConfiguration.LoadConfiguration() in d:\MM\Latest\CDP_TestAutomation\CDP_TestAutomation\CDP_TestAutomation\Src\Src\02TestAuthoring API\CDP_TestPlugin\IAPConfiguration.cs:line 46
   at Philips.CDP.Automation.IAP.Test.ApplicationStartup.PreDataSetup.BeforeTestRun() in d:\MM\Latest\CDP_TestAutomation\CDP_TestAutomation\CDP_TestAutomation\Src\Src\03Test\WorkFlowTests\GlobalSteps.cs:line 25
   at TechTalk.SpecFlow.Bindings.BindingInvoker.InvokeBinding(IBinding binding, IContextManager contextManager, Object[] arguments, ITestTracer testTracer, TimeSpan&amp; duration)
   at TechTalk.SpecFlow.Infrastructure.TestExecutionEngine.FireEvents(HookType bindingEvent)
   at TechTalk.SpecFlow.Infrastructure.TestExecutionEngine.Initialize(Assembly[] bindingAssemblies)
   at TechTalk.SpecFlow.Infrastructure.TestRunnerFactory.Create(Assembly testAssembly)
   at TechTalk.SpecFlow.TestRunnerManager.GetTestRunner(TestRunnerKey key)
   at Philips.CDP.Automation.IAP.Tests.Workflows.UJ05Feature.FeatureSetup() in d:\MM\Latest\CDP_TestAutomation\CDP_TestAutomation\CDP_TestAutomation\Src\Src\03Test\WorkFlowTests\UJ05.feature.cs:line 0
   at TechTalk.SpecRun.Framework.TaskExecutors.StaticOrInstanceMethodExecutor.ExecuteInternal(ITestThreadExecutionContext testThreadExecutionContext) in c:\TeamCity\BuildAgent\work\245a3e4d646c0875\TechTalk.SpecRun.Framework.Interfaces\TaskExecutors\StaticOrInstanceMethodExecutor.cs:line 40
   at TechTalk.SpecRun.Framework.TaskExecutors.ChainedTaskExecutor.Execute(ITestThreadExecutionContext testThreadExecutionContext) in c:\TeamCity\BuildAgent\work\245a3e4d646c0875\TechTalk.SpecRun.Framework.Interfaces\TaskExecutors\ChainedTaskExecutor.cs:line 20
   at TechTalk.SpecRun.Framework.TestAssemblyExecutor.ExecuteTestNodeTask(TestNode testNode, ITaskExecutor task, TraceEventType eventType) in c:\TeamCity\BuildAgent\work\245a3e4d646c0875\TechTalk.SpecRun.Framework.Executor\TestAssemblyExecutor.cs:line 215</pre>
                        </td>
                        <td>Failed in 6.124s</td>
                    </tr>
            </table>
            <a name="t2146530828.0" />
            <h3>Scenario: UserJourney-6 (in Philips.CDP.Automation.IAP.Tests.Workflows, UJ06)</h3>
                <div class="description">
                    tags: mytag
                </div>
            <ul>
                <li>Status: InitializationFailed</li>
                <li>Start time: 8/2/2016 6:44:42 PM</li>
                <li>Execution time (sec): 6.1176117</li>
                <li>Thread: #0</li>
                <li>Error: Assert.Fail failed. Could not unlock the device, stopping Test Execution.</li>
            </ul>
            <table class="testEvents">
                <tr>
                    <th>Steps</th>
                    <th>Trace</th>
                    <th>Result</th>
                </tr>
                    <tr>
                        <td>
                            <pre class="log"></pre>
                        </td>
                        <td>
                            <!-- [Initialization: Feature - UJ06] -->
                            <pre class="log"></pre>
                                <div class="errorMessage">Assert.Fail failed. Could not unlock the device, stopping Test Execution.</div>
                                <pre class="stackTrace">Microsoft.VisualStudio.TestTools.UnitTesting.AssertFailedException: Assert.Fail failed. Could not unlock the device, stopping Test Execution.
   at Microsoft.VisualStudio.TestTools.UnitTesting.Assert.HandleFailure(String assertionName, String message)
   at Microsoft.VisualStudio.TestTools.UnitTesting.Assert.Fail(String message)
   at Philips.H2H.Foundation.AutomationCore.Logger.Fail(String text) in d:\MM\Latest\CDP_TestAutomation\CDP_TestAutomation\CDP_TestAutomation\Src\Src\01Foundation\Common\Logging\Logger.cs:line 54
   at Philips.H2H.Foundation.AutomationCore.Mobile.Device.Unlock(String deviceId) in d:\MM\Latest\CDP_TestAutomation\CDP_TestAutomation\CDP_TestAutomation\Src\Src\01Foundation\Common\Mobile\Device.cs:line 38
   at Philips.SIG.Automation.Android.CDP.IAPTestPlugin.IAPConfiguration.LoadConfiguration() in d:\MM\Latest\CDP_TestAutomation\CDP_TestAutomation\CDP_TestAutomation\Src\Src\02TestAuthoring API\CDP_TestPlugin\IAPConfiguration.cs:line 46
   at Philips.CDP.Automation.IAP.Test.ApplicationStartup.PreDataSetup.BeforeTestRun() in d:\MM\Latest\CDP_TestAutomation\CDP_TestAutomation\CDP_TestAutomation\Src\Src\03Test\WorkFlowTests\GlobalSteps.cs:line 25
   at TechTalk.SpecFlow.Bindings.BindingInvoker.InvokeBinding(IBinding binding, IContextManager contextManager, Object[] arguments, ITestTracer testTracer, TimeSpan&amp; duration)
   at TechTalk.SpecFlow.Infrastructure.TestExecutionEngine.FireEvents(HookType bindingEvent)
   at TechTalk.SpecFlow.Infrastructure.TestExecutionEngine.Initialize(Assembly[] bindingAssemblies)
   at TechTalk.SpecFlow.Infrastructure.TestRunnerFactory.Create(Assembly testAssembly)
   at TechTalk.SpecFlow.TestRunnerManager.GetTestRunner(TestRunnerKey key)
   at Philips.CDP.Automation.IAP.Tests.Workflows.UJ06Feature.FeatureSetup() in d:\MM\Latest\CDP_TestAutomation\CDP_TestAutomation\CDP_TestAutomation\Src\Src\03Test\WorkFlowTests\UJ06.feature.cs:line 0
   at TechTalk.SpecRun.Framework.TaskExecutors.StaticOrInstanceMethodExecutor.ExecuteInternal(ITestThreadExecutionContext testThreadExecutionContext) in c:\TeamCity\BuildAgent\work\245a3e4d646c0875\TechTalk.SpecRun.Framework.Interfaces\TaskExecutors\StaticOrInstanceMethodExecutor.cs:line 40
   at TechTalk.SpecRun.Framework.TaskExecutors.ChainedTaskExecutor.Execute(ITestThreadExecutionContext testThreadExecutionContext) in c:\TeamCity\BuildAgent\work\245a3e4d646c0875\TechTalk.SpecRun.Framework.Interfaces\TaskExecutors\ChainedTaskExecutor.cs:line 20
   at TechTalk.SpecRun.Framework.TestAssemblyExecutor.ExecuteTestNodeTask(TestNode testNode, ITaskExecutor task, TraceEventType eventType) in c:\TeamCity\BuildAgent\work\245a3e4d646c0875\TechTalk.SpecRun.Framework.Executor\TestAssemblyExecutor.cs:line 215</pre>
                        </td>
                        <td>Failed in 6.117s</td>
                    </tr>
            </table>
            <a name="t-585183978.0" />
            <h3>Scenario: UserJourney-7 (in Philips.CDP.Automation.IAP.Tests.Workflows, UJ07)</h3>
                <div class="description">
                    tags: mytag
                </div>
            <ul>
                <li>Status: InitializationFailed</li>
                <li>Start time: 8/2/2016 6:44:48 PM</li>
                <li>Execution time (sec): 6.1146114</li>
                <li>Thread: #0</li>
                <li>Error: Assert.Fail failed. Could not unlock the device, stopping Test Execution.</li>
            </ul>
            <table class="testEvents">
                <tr>
                    <th>Steps</th>
                    <th>Trace</th>
                    <th>Result</th>
                </tr>
                    <tr>
                        <td>
                            <pre class="log"></pre>
                        </td>
                        <td>
                            <!-- [Initialization: Feature - UJ07] -->
                            <pre class="log"></pre>
                                <div class="errorMessage">Assert.Fail failed. Could not unlock the device, stopping Test Execution.</div>
                                <pre class="stackTrace">Microsoft.VisualStudio.TestTools.UnitTesting.AssertFailedException: Assert.Fail failed. Could not unlock the device, stopping Test Execution.
   at Microsoft.VisualStudio.TestTools.UnitTesting.Assert.HandleFailure(String assertionName, String message)
   at Microsoft.VisualStudio.TestTools.UnitTesting.Assert.Fail(String message)
   at Philips.H2H.Foundation.AutomationCore.Logger.Fail(String text) in d:\MM\Latest\CDP_TestAutomation\CDP_TestAutomation\CDP_TestAutomation\Src\Src\01Foundation\Common\Logging\Logger.cs:line 54
   at Philips.H2H.Foundation.AutomationCore.Mobile.Device.Unlock(String deviceId) in d:\MM\Latest\CDP_TestAutomation\CDP_TestAutomation\CDP_TestAutomation\Src\Src\01Foundation\Common\Mobile\Device.cs:line 38
   at Philips.SIG.Automation.Android.CDP.IAPTestPlugin.IAPConfiguration.LoadConfiguration() in d:\MM\Latest\CDP_TestAutomation\CDP_TestAutomation\CDP_TestAutomation\Src\Src\02TestAuthoring API\CDP_TestPlugin\IAPConfiguration.cs:line 46
   at Philips.CDP.Automation.IAP.Test.ApplicationStartup.PreDataSetup.BeforeTestRun() in d:\MM\Latest\CDP_TestAutomation\CDP_TestAutomation\CDP_TestAutomation\Src\Src\03Test\WorkFlowTests\GlobalSteps.cs:line 25
   at TechTalk.SpecFlow.Bindings.BindingInvoker.InvokeBinding(IBinding binding, IContextManager contextManager, Object[] arguments, ITestTracer testTracer, TimeSpan&amp; duration)
   at TechTalk.SpecFlow.Infrastructure.TestExecutionEngine.FireEvents(HookType bindingEvent)
   at TechTalk.SpecFlow.Infrastructure.TestExecutionEngine.Initialize(Assembly[] bindingAssemblies)
   at TechTalk.SpecFlow.Infrastructure.TestRunnerFactory.Create(Assembly testAssembly)
   at TechTalk.SpecFlow.TestRunnerManager.GetTestRunner(TestRunnerKey key)
   at Philips.CDP.Automation.IAP.Tests.Workflows.UJ07Feature.FeatureSetup() in d:\MM\Latest\CDP_TestAutomation\CDP_TestAutomation\CDP_TestAutomation\Src\Src\03Test\WorkFlowTests\UJ07.feature.cs:line 0
   at TechTalk.SpecRun.Framework.TaskExecutors.StaticOrInstanceMethodExecutor.ExecuteInternal(ITestThreadExecutionContext testThreadExecutionContext) in c:\TeamCity\BuildAgent\work\245a3e4d646c0875\TechTalk.SpecRun.Framework.Interfaces\TaskExecutors\StaticOrInstanceMethodExecutor.cs:line 40
   at TechTalk.SpecRun.Framework.TaskExecutors.ChainedTaskExecutor.Execute(ITestThreadExecutionContext testThreadExecutionContext) in c:\TeamCity\BuildAgent\work\245a3e4d646c0875\TechTalk.SpecRun.Framework.Interfaces\TaskExecutors\ChainedTaskExecutor.cs:line 20
   at TechTalk.SpecRun.Framework.TestAssemblyExecutor.ExecuteTestNodeTask(TestNode testNode, ITaskExecutor task, TraceEventType eventType) in c:\TeamCity\BuildAgent\work\245a3e4d646c0875\TechTalk.SpecRun.Framework.Executor\TestAssemblyExecutor.cs:line 215</pre>
                        </td>
                        <td>Failed in 6.114s</td>
                    </tr>
            </table>
            <a name="t977682616.0" />
            <h3>Scenario: UserJourney-8 (in Philips.CDP.Automation.IAP.Tests.Workflows, UJ08)</h3>
                <div class="description">
                    tags: mytag
                </div>
            <ul>
                <li>Status: InitializationFailed</li>
                <li>Start time: 8/2/2016 6:44:55 PM</li>
                <li>Execution time (sec): 6.1266126</li>
                <li>Thread: #0</li>
                <li>Error: Assert.Fail failed. Could not unlock the device, stopping Test Execution.</li>
            </ul>
            <table class="testEvents">
                <tr>
                    <th>Steps</th>
                    <th>Trace</th>
                    <th>Result</th>
                </tr>
                    <tr>
                        <td>
                            <pre class="log"></pre>
                        </td>
                        <td>
                            <!-- [Initialization: Feature - UJ08] -->
                            <pre class="log"></pre>
                                <div class="errorMessage">Assert.Fail failed. Could not unlock the device, stopping Test Execution.</div>
                                <pre class="stackTrace">Microsoft.VisualStudio.TestTools.UnitTesting.AssertFailedException: Assert.Fail failed. Could not unlock the device, stopping Test Execution.
   at Microsoft.VisualStudio.TestTools.UnitTesting.Assert.HandleFailure(String assertionName, String message)
   at Microsoft.VisualStudio.TestTools.UnitTesting.Assert.Fail(String message)
   at Philips.H2H.Foundation.AutomationCore.Logger.Fail(String text) in d:\MM\Latest\CDP_TestAutomation\CDP_TestAutomation\CDP_TestAutomation\Src\Src\01Foundation\Common\Logging\Logger.cs:line 54
   at Philips.H2H.Foundation.AutomationCore.Mobile.Device.Unlock(String deviceId) in d:\MM\Latest\CDP_TestAutomation\CDP_TestAutomation\CDP_TestAutomation\Src\Src\01Foundation\Common\Mobile\Device.cs:line 38
   at Philips.SIG.Automation.Android.CDP.IAPTestPlugin.IAPConfiguration.LoadConfiguration() in d:\MM\Latest\CDP_TestAutomation\CDP_TestAutomation\CDP_TestAutomation\Src\Src\02TestAuthoring API\CDP_TestPlugin\IAPConfiguration.cs:line 46
   at Philips.CDP.Automation.IAP.Test.ApplicationStartup.PreDataSetup.BeforeTestRun() in d:\MM\Latest\CDP_TestAutomation\CDP_TestAutomation\CDP_TestAutomation\Src\Src\03Test\WorkFlowTests\GlobalSteps.cs:line 25
   at TechTalk.SpecFlow.Bindings.BindingInvoker.InvokeBinding(IBinding binding, IContextManager contextManager, Object[] arguments, ITestTracer testTracer, TimeSpan&amp; duration)
   at TechTalk.SpecFlow.Infrastructure.TestExecutionEngine.FireEvents(HookType bindingEvent)
   at TechTalk.SpecFlow.Infrastructure.TestExecutionEngine.Initialize(Assembly[] bindingAssemblies)
   at TechTalk.SpecFlow.Infrastructure.TestRunnerFactory.Create(Assembly testAssembly)
   at TechTalk.SpecFlow.TestRunnerManager.GetTestRunner(TestRunnerKey key)
   at Philips.CDP.Automation.IAP.Tests.Workflows.UJ08Feature.FeatureSetup() in d:\MM\Latest\CDP_TestAutomation\CDP_TestAutomation\CDP_TestAutomation\Src\Src\03Test\WorkFlowTests\UJ08.feature.cs:line 0
   at TechTalk.SpecRun.Framework.TaskExecutors.StaticOrInstanceMethodExecutor.ExecuteInternal(ITestThreadExecutionContext testThreadExecutionContext) in c:\TeamCity\BuildAgent\work\245a3e4d646c0875\TechTalk.SpecRun.Framework.Interfaces\TaskExecutors\StaticOrInstanceMethodExecutor.cs:line 40
   at TechTalk.SpecRun.Framework.TaskExecutors.ChainedTaskExecutor.Execute(ITestThreadExecutionContext testThreadExecutionContext) in c:\TeamCity\BuildAgent\work\245a3e4d646c0875\TechTalk.SpecRun.Framework.Interfaces\TaskExecutors\ChainedTaskExecutor.cs:line 20
   at TechTalk.SpecRun.Framework.TestAssemblyExecutor.ExecuteTestNodeTask(TestNode testNode, ITaskExecutor task, TraceEventType eventType) in c:\TeamCity\BuildAgent\work\245a3e4d646c0875\TechTalk.SpecRun.Framework.Executor\TestAssemblyExecutor.cs:line 215</pre>
                        </td>
                        <td>Failed in 6.126s</td>
                    </tr>
            </table>
            <a name="t-2014325690.0" />
            <h3>Scenario: UserJourney-9 (in Philips.CDP.Automation.IAP.Tests.Workflows, UJ09)</h3>
                <div class="description">
                    tags: mytag
                </div>
            <ul>
                <li>Status: InitializationFailed</li>
                <li>Start time: 8/2/2016 6:45:01 PM</li>
                <li>Execution time (sec): 6.1146114</li>
                <li>Thread: #0</li>
                <li>Error: Assert.Fail failed. Could not unlock the device, stopping Test Execution.</li>
            </ul>
            <table class="testEvents">
                <tr>
                    <th>Steps</th>
                    <th>Trace</th>
                    <th>Result</th>
                </tr>
                    <tr>
                        <td>
                            <pre class="log"></pre>
                        </td>
                        <td>
                            <!-- [Initialization: Feature - UJ09] -->
                            <pre class="log"></pre>
                                <div class="errorMessage">Assert.Fail failed. Could not unlock the device, stopping Test Execution.</div>
                                <pre class="stackTrace">Microsoft.VisualStudio.TestTools.UnitTesting.AssertFailedException: Assert.Fail failed. Could not unlock the device, stopping Test Execution.
   at Microsoft.VisualStudio.TestTools.UnitTesting.Assert.HandleFailure(String assertionName, String message)
   at Microsoft.VisualStudio.TestTools.UnitTesting.Assert.Fail(String message)
   at Philips.H2H.Foundation.AutomationCore.Logger.Fail(String text) in d:\MM\Latest\CDP_TestAutomation\CDP_TestAutomation\CDP_TestAutomation\Src\Src\01Foundation\Common\Logging\Logger.cs:line 54
   at Philips.H2H.Foundation.AutomationCore.Mobile.Device.Unlock(String deviceId) in d:\MM\Latest\CDP_TestAutomation\CDP_TestAutomation\CDP_TestAutomation\Src\Src\01Foundation\Common\Mobile\Device.cs:line 38
   at Philips.SIG.Automation.Android.CDP.IAPTestPlugin.IAPConfiguration.LoadConfiguration() in d:\MM\Latest\CDP_TestAutomation\CDP_TestAutomation\CDP_TestAutomation\Src\Src\02TestAuthoring API\CDP_TestPlugin\IAPConfiguration.cs:line 46
   at Philips.CDP.Automation.IAP.Test.ApplicationStartup.PreDataSetup.BeforeTestRun() in d:\MM\Latest\CDP_TestAutomation\CDP_TestAutomation\CDP_TestAutomation\Src\Src\03Test\WorkFlowTests\GlobalSteps.cs:line 25
   at TechTalk.SpecFlow.Bindings.BindingInvoker.InvokeBinding(IBinding binding, IContextManager contextManager, Object[] arguments, ITestTracer testTracer, TimeSpan&amp; duration)
   at TechTalk.SpecFlow.Infrastructure.TestExecutionEngine.FireEvents(HookType bindingEvent)
   at TechTalk.SpecFlow.Infrastructure.TestExecutionEngine.Initialize(Assembly[] bindingAssemblies)
   at TechTalk.SpecFlow.Infrastructure.TestRunnerFactory.Create(Assembly testAssembly)
   at TechTalk.SpecFlow.TestRunnerManager.GetTestRunner(TestRunnerKey key)
   at Philips.CDP.Automation.IAP.Tests.Workflows.UJ09Feature.FeatureSetup() in d:\MM\Latest\CDP_TestAutomation\CDP_TestAutomation\CDP_TestAutomation\Src\Src\03Test\WorkFlowTests\UJ09.feature.cs:line 0
   at TechTalk.SpecRun.Framework.TaskExecutors.StaticOrInstanceMethodExecutor.ExecuteInternal(ITestThreadExecutionContext testThreadExecutionContext) in c:\TeamCity\BuildAgent\work\245a3e4d646c0875\TechTalk.SpecRun.Framework.Interfaces\TaskExecutors\StaticOrInstanceMethodExecutor.cs:line 40
   at TechTalk.SpecRun.Framework.TaskExecutors.ChainedTaskExecutor.Execute(ITestThreadExecutionContext testThreadExecutionContext) in c:\TeamCity\BuildAgent\work\245a3e4d646c0875\TechTalk.SpecRun.Framework.Interfaces\TaskExecutors\ChainedTaskExecutor.cs:line 20
   at TechTalk.SpecRun.Framework.TestAssemblyExecutor.ExecuteTestNodeTask(TestNode testNode, ITaskExecutor task, TraceEventType eventType) in c:\TeamCity\BuildAgent\work\245a3e4d646c0875\TechTalk.SpecRun.Framework.Executor\TestAssemblyExecutor.cs:line 215</pre>
                        </td>
                        <td>Failed in 6.114s</td>
                    </tr>
            </table>
            <a name="t-1668282660.0" />
            <h3>Scenario: UserJourney-10 (in Philips.CDP.Automation.IAP.Tests.Workflows, UJ10)</h3>
                <div class="description">
                    tags: mytag
                </div>
            <ul>
                <li>Status: InitializationFailed</li>
                <li>Start time: 8/2/2016 6:45:07 PM</li>
                <li>Execution time (sec): 12.2172216</li>
                <li>Thread: #0</li>
                <li>Error: Assert.Fail failed. Could not unlock the device, stopping Test Execution.</li>
            </ul>
            <table class="testEvents">
                <tr>
                    <th>Steps</th>
                    <th>Trace</th>
                    <th>Result</th>
                </tr>
                    <tr>
                        <td>
                            <pre class="log"></pre>
                        </td>
                        <td>
                            <!-- [Initialization: Feature - UJ10] -->
                            <pre class="log"></pre>
                                <div class="errorMessage">Assert.Fail failed. Could not unlock the device, stopping Test Execution.</div>
                                <pre class="stackTrace">Microsoft.VisualStudio.TestTools.UnitTesting.AssertFailedException: Assert.Fail failed. Could not unlock the device, stopping Test Execution.
   at Microsoft.VisualStudio.TestTools.UnitTesting.Assert.HandleFailure(String assertionName, String message)
   at Microsoft.VisualStudio.TestTools.UnitTesting.Assert.Fail(String message)
   at Philips.H2H.Foundation.AutomationCore.Logger.Fail(String text) in d:\MM\Latest\CDP_TestAutomation\CDP_TestAutomation\CDP_TestAutomation\Src\Src\01Foundation\Common\Logging\Logger.cs:line 54
   at Philips.H2H.Foundation.AutomationCore.Mobile.Device.Unlock(String deviceId) in d:\MM\Latest\CDP_TestAutomation\CDP_TestAutomation\CDP_TestAutomation\Src\Src\01Foundation\Common\Mobile\Device.cs:line 38
   at Philips.SIG.Automation.Android.CDP.IAPTestPlugin.IAPConfiguration.LoadConfiguration() in d:\MM\Latest\CDP_TestAutomation\CDP_TestAutomation\CDP_TestAutomation\Src\Src\02TestAuthoring API\CDP_TestPlugin\IAPConfiguration.cs:line 46
   at Philips.CDP.Automation.IAP.Test.ApplicationStartup.PreDataSetup.BeforeTestRun() in d:\MM\Latest\CDP_TestAutomation\CDP_TestAutomation\CDP_TestAutomation\Src\Src\03Test\WorkFlowTests\GlobalSteps.cs:line 25
   at TechTalk.SpecFlow.Bindings.BindingInvoker.InvokeBinding(IBinding binding, IContextManager contextManager, Object[] arguments, ITestTracer testTracer, TimeSpan&amp; duration)
   at TechTalk.SpecFlow.Infrastructure.TestExecutionEngine.FireEvents(HookType bindingEvent)
   at TechTalk.SpecFlow.Infrastructure.TestExecutionEngine.Initialize(Assembly[] bindingAssemblies)
   at TechTalk.SpecFlow.Infrastructure.TestRunnerFactory.Create(Assembly testAssembly)
   at TechTalk.SpecFlow.TestRunnerManager.GetTestRunner(TestRunnerKey key)
   at Philips.CDP.Automation.IAP.Tests.Workflows.UJ10Feature.FeatureSetup() in d:\MM\Latest\CDP_TestAutomation\CDP_TestAutomation\CDP_TestAutomation\Src\Src\03Test\WorkFlowTests\UJ10.feature.cs:line 0
   at TechTalk.SpecRun.Framework.TaskExecutors.StaticOrInstanceMethodExecutor.ExecuteInternal(ITestThreadExecutionContext testThreadExecutionContext) in c:\TeamCity\BuildAgent\work\245a3e4d646c0875\TechTalk.SpecRun.Framework.Interfaces\TaskExecutors\StaticOrInstanceMethodExecutor.cs:line 40
   at TechTalk.SpecRun.Framework.TaskExecutors.ChainedTaskExecutor.Execute(ITestThreadExecutionContext testThreadExecutionContext) in c:\TeamCity\BuildAgent\work\245a3e4d646c0875\TechTalk.SpecRun.Framework.Interfaces\TaskExecutors\ChainedTaskExecutor.cs:line 20
   at TechTalk.SpecRun.Framework.TestAssemblyExecutor.ExecuteTestNodeTask(TestNode testNode, ITaskExecutor task, TraceEventType eventType) in c:\TeamCity\BuildAgent\work\245a3e4d646c0875\TechTalk.SpecRun.Framework.Executor\TestAssemblyExecutor.cs:line 215</pre>
                        </td>
                        <td>Failed in 6.101s</td>
                    </tr>
                    <tr>
                        <td>
                            <pre class="log"></pre>
                        </td>
                        <td>
                            <!-- [Cleanup: TestAssembly - Philips.CDP.Automation.IAP.Tests.Workflows] -->
                            <pre class="log"></pre>
                                <div class="errorMessage">Assert.Fail failed. Could not unlock the device, stopping Test Execution.</div>
                                <pre class="stackTrace">Microsoft.VisualStudio.TestTools.UnitTesting.AssertFailedException: Assert.Fail failed. Could not unlock the device, stopping Test Execution.
   at Microsoft.VisualStudio.TestTools.UnitTesting.Assert.HandleFailure(String assertionName, String message)
   at Microsoft.VisualStudio.TestTools.UnitTesting.Assert.Fail(String message)
   at Philips.H2H.Foundation.AutomationCore.Logger.Fail(String text) in d:\MM\Latest\CDP_TestAutomation\CDP_TestAutomation\CDP_TestAutomation\Src\Src\01Foundation\Common\Logging\Logger.cs:line 54
   at Philips.H2H.Foundation.AutomationCore.Mobile.Device.Unlock(String deviceId) in d:\MM\Latest\CDP_TestAutomation\CDP_TestAutomation\CDP_TestAutomation\Src\Src\01Foundation\Common\Mobile\Device.cs:line 38
   at Philips.SIG.Automation.Android.CDP.IAPTestPlugin.IAPConfiguration.LoadConfiguration() in d:\MM\Latest\CDP_TestAutomation\CDP_TestAutomation\CDP_TestAutomation\Src\Src\02TestAuthoring API\CDP_TestPlugin\IAPConfiguration.cs:line 46
   at Philips.CDP.Automation.IAP.Test.ApplicationStartup.PreDataSetup.BeforeTestRun() in d:\MM\Latest\CDP_TestAutomation\CDP_TestAutomation\CDP_TestAutomation\Src\Src\03Test\WorkFlowTests\GlobalSteps.cs:line 25
   at TechTalk.SpecFlow.Bindings.BindingInvoker.InvokeBinding(IBinding binding, IContextManager contextManager, Object[] arguments, ITestTracer testTracer, TimeSpan&amp; duration)
   at TechTalk.SpecFlow.Infrastructure.TestExecutionEngine.FireEvents(HookType bindingEvent)
   at TechTalk.SpecFlow.Infrastructure.TestExecutionEngine.Initialize(Assembly[] bindingAssemblies)
   at TechTalk.SpecFlow.Infrastructure.TestRunnerFactory.Create(Assembly testAssembly)
   at TechTalk.SpecFlow.TestRunnerManager.GetTestRunner(TestRunnerKey key)
   at Philips.CDP.Automation.IAP.Tests.Workflows.AsAUSERIWantToLoginIntoMyPhilipsAccountViaAppframeworkApplicationFeature.TestRunCleanup() in d:\MM\Latest\CDP_TestAutomation\CDP_TestAutomation\CDP_TestAutomation\Src\Src\03Test\WorkFlowTests\MyPhilips.feature.cs:line 0
   at TechTalk.SpecRun.Framework.TaskExecutors.StaticOrInstanceMethodExecutor.ExecuteInternal(ITestThreadExecutionContext testThreadExecutionContext) in c:\TeamCity\BuildAgent\work\245a3e4d646c0875\TechTalk.SpecRun.Framework.Interfaces\TaskExecutors\StaticOrInstanceMethodExecutor.cs:line 40
   at TechTalk.SpecRun.Framework.TaskExecutors.ChainedTaskExecutor.Execute(ITestThreadExecutionContext testThreadExecutionContext) in c:\TeamCity\BuildAgent\work\245a3e4d646c0875\TechTalk.SpecRun.Framework.Interfaces\TaskExecutors\ChainedTaskExecutor.cs:line 20
   at TechTalk.SpecRun.Framework.TestAssemblyExecutor.ExecuteTestNodeTask(TestNode testNode, ITaskExecutor task, TraceEventType eventType) in c:\TeamCity\BuildAgent\work\245a3e4d646c0875\TechTalk.SpecRun.Framework.Executor\TestAssemblyExecutor.cs:line 215</pre>
                        </td>
                        <td>Failed in 6.115s</td>
                    </tr>
            </table>
	</body>
</html>
</a><div style='position: absolute; top:0px; right:10px; z-index: 1000; text-align: right; font-size: small; color: #FF5555'>
Generated by an evaluation version of SpecRun.<br />
This version can be used for evaluation purposes only.<br />
For obtaining a registered license please visit <a href='http://www.specflow.org/plus'>http://www.specflow.org/plus</a>.
</div>
